{"C:\\dev3\\Tablify-Web\\backend\\src\\config\\database.ts": {"path":"C:\\dev3\\Tablify-Web\\backend\\src\\config\\database.ts","statementMap":{"0":{"start":{"line":1,"column":0},"end":{"line":1,"column":67}},"1":{"start":{"line":2,"column":0},"end":{"line":2,"column":28}},"2":{"start":{"line":3,"column":0},"end":{"line":3,"column":41}},"3":{"start":{"line":6,"column":0},"end":{"line":6,"column":16}},"4":{"start":{"line":9,"column":25},"end":{"line":9,"column":76}},"5":{"start":{"line":12,"column":17},"end":{"line":12,"column":56}},"6":{"start":{"line":13,"column":21},"end":{"line":13,"column":50}},"7":{"start":{"line":14,"column":17},"end":{"line":14,"column":57}},"8":{"start":{"line":15,"column":17},"end":{"line":15,"column":52}},"9":{"start":{"line":16,"column":21},"end":{"line":16,"column":57}},"10":{"start":{"line":18,"column":4},"end":{"line":20,"column":5}},"11":{"start":{"line":19,"column":8},"end":{"line":19,"column":73}},"12":{"start":{"line":22,"column":4},"end":{"line":22,"column":72}},"13":{"start":{"line":26,"column":18},"end":{"line":28,"column":11}},"14":{"start":{"line":31,"column":13},"end":{"line":38,"column":2}},"15":{"start":{"line":41,"column":0},"end":{"line":43,"column":3}},"16":{"start":{"line":42,"column":4},"end":{"line":42,"column":63}},"17":{"start":{"line":45,"column":0},"end":{"line":48,"column":3}},"18":{"start":{"line":46,"column":4},"end":{"line":46,"column":79}},"19":{"start":{"line":47,"column":4},"end":{"line":47,"column":21}},"20":{"start":{"line":52,"column":36},"end":{"line":52,"column":40}},"21":{"start":{"line":53,"column":4},"end":{"line":71,"column":5}},"22":{"start":{"line":54,"column":8},"end":{"line":54,"column":38}},"23":{"start":{"line":55,"column":23},"end":{"line":55,"column":64}},"24":{"start":{"line":56,"column":8},"end":{"line":56,"column":110}},"25":{"start":{"line":57,"column":8},"end":{"line":57,"column":62}},"26":{"start":{"line":58,"column":8},"end":{"line":58,"column":20}},"27":{"start":{"line":60,"column":8},"end":{"line":60,"column":66}},"28":{"start":{"line":61,"column":8},"end":{"line":67,"column":9}},"29":{"start":{"line":62,"column":12},"end":{"line":62,"column":99}},"30":{"start":{"line":63,"column":15},"end":{"line":67,"column":9}},"31":{"start":{"line":64,"column":12},"end":{"line":64,"column":91}},"32":{"start":{"line":65,"column":15},"end":{"line":67,"column":9}},"33":{"start":{"line":66,"column":12},"end":{"line":66,"column":77}},"34":{"start":{"line":68,"column":8},"end":{"line":68,"column":21}},"35":{"start":{"line":70,"column":8},"end":{"line":70,"column":37}},"36":{"start":{"line":70,"column":20},"end":{"line":70,"column":37}},"37":{"start":{"line":75,"column":26},"end":{"line":75,"column":42}},"38":{"start":{"line":78,"column":17},"end":{"line":93,"column":1}},"39":{"start":{"line":79,"column":4},"end":{"line":92,"column":5}},"40":{"start":{"line":80,"column":29},"end":{"line":83,"column":null}},"41":{"start":{"line":81,"column":12},"end":{"line":83,"column":23}},"42":{"start":{"line":86,"column":24},"end":{"line":86,"column":118}},"43":{"start":{"line":87,"column":8},"end":{"line":91,"column":9}},"44":{"start":{"line":88,"column":12},"end":{"line":88,"column":43}},"45":{"start":{"line":90,"column":12},"end":{"line":90,"column":33}},"46":{"start":{"line":98,"column":0},"end":{"line":216,"column":2}},"47":{"start":{"line":104,"column":107},"end":{"line":119,"column":null}},"48":{"start":{"line":105,"column":8},"end":{"line":118,"column":9}},"49":{"start":{"line":106,"column":26},"end":{"line":106,"column":36}},"50":{"start":{"line":107,"column":24},"end":{"line":107,"column":57}},"51":{"start":{"line":108,"column":29},"end":{"line":108,"column":47}},"52":{"start":{"line":110,"column":12},"end":{"line":110,"column":45}},"53":{"start":{"line":112,"column":12},"end":{"line":112,"column":23}},"54":{"start":{"line":114,"column":12},"end":{"line":114,"column":58}},"55":{"start":{"line":115,"column":12},"end":{"line":115,"column":43}},"56":{"start":{"line":116,"column":12},"end":{"line":116,"column":62}},"57":{"start":{"line":117,"column":12},"end":{"line":117,"column":24}},"58":{"start":{"line":125,"column":47},"end":{"line":171,"column":null}},"59":{"start":{"line":126,"column":23},"end":{"line":126,"column":43}},"60":{"start":{"line":127,"column":30},"end":{"line":127,"column":55}},"61":{"start":{"line":128,"column":32},"end":{"line":128,"column":59}},"62":{"start":{"line":131,"column":29},"end":{"line":158,"column":10}},"63":{"start":{"line":134,"column":37},"end":{"line":158,"column":10}},"64":{"start":{"line":135,"column":26},"end":{"line":135,"column":36}},"65":{"start":{"line":139,"column":12},"end":{"line":145,"column":13}},"66":{"start":{"line":140,"column":16},"end":{"line":140,"column":41}},"67":{"start":{"line":141,"column":16},"end":{"line":141,"column":37}},"68":{"start":{"line":143,"column":16},"end":{"line":143,"column":46}},"69":{"start":{"line":144,"column":16},"end":{"line":144,"column":50}},"70":{"start":{"line":147,"column":12},"end":{"line":157,"column":13}},"71":{"start":{"line":148,"column":31},"end":{"line":148,"column":72}},"72":{"start":{"line":149,"column":33},"end":{"line":149,"column":51}},"73":{"start":{"line":150,"column":16},"end":{"line":150,"column":59}},"74":{"start":{"line":151,"column":16},"end":{"line":151,"column":59}},"75":{"start":{"line":153,"column":16},"end":{"line":153,"column":72}},"76":{"start":{"line":154,"column":16},"end":{"line":154,"column":52}},"77":{"start":{"line":155,"column":16},"end":{"line":155,"column":71}},"78":{"start":{"line":156,"column":16},"end":{"line":156,"column":26}},"79":{"start":{"line":161,"column":9},"end":{"line":161,"column":45}},"80":{"start":{"line":164,"column":8},"end":{"line":168,"column":10}},"81":{"start":{"line":165,"column":13},"end":{"line":165,"column":50}},"82":{"start":{"line":166,"column":12},"end":{"line":166,"column":45}},"83":{"start":{"line":167,"column":12},"end":{"line":167,"column":37}},"84":{"start":{"line":170,"column":8},"end":{"line":170,"column":22}},"85":{"start":{"line":179,"column":20},"end":{"line":193,"column":null}},"86":{"start":{"line":180,"column":23},"end":{"line":180,"column":43}},"87":{"start":{"line":182,"column":8},"end":{"line":192,"column":9}},"88":{"start":{"line":183,"column":12},"end":{"line":183,"column":40}},"89":{"start":{"line":184,"column":27},"end":{"line":184,"column":49}},"90":{"start":{"line":185,"column":12},"end":{"line":185,"column":41}},"91":{"start":{"line":186,"column":12},"end":{"line":186,"column":26}},"92":{"start":{"line":188,"column":12},"end":{"line":188,"column":43}},"93":{"start":{"line":189,"column":12},"end":{"line":189,"column":24}},"94":{"start":{"line":191,"column":12},"end":{"line":191,"column":29}},"95":{"start":{"line":199,"column":37},"end":{"line":202,"column":null}},"96":{"start":{"line":200,"column":8},"end":{"line":200,"column":25}},"97":{"start":{"line":201,"column":8},"end":{"line":201,"column":64}},"98":{"start":{"line":208,"column":52},"end":{"line":210,"column":null}},"99":{"start":{"line":209,"column":8},"end":{"line":209,"column":33}},"100":{"start":{"line":215,"column":25},"end":{"line":215,"column":29}}},"fnMap":{"0":{"name":"buildConnectionString","decl":{"start":{"line":11,"column":9},"end":{"line":11,"column":30}},"loc":{"start":{"line":11,"column":30},"end":{"line":23,"column":1}}},"1":{"name":"(anonymous_9)","decl":{"start":{"line":41,"column":19},"end":{"line":41,"column":22}},"loc":{"start":{"line":41,"column":24},"end":{"line":43,"column":1}}},"2":{"name":"(anonymous_10)","decl":{"start":{"line":45,"column":17},"end":{"line":45,"column":18}},"loc":{"start":{"line":45,"column":25},"end":{"line":48,"column":1}}},"3":{"name":"testConnection","decl":{"start":{"line":51,"column":15},"end":{"line":51,"column":29}},"loc":{"start":{"line":51,"column":29},"end":{"line":72,"column":null}}},"4":{"name":"(anonymous_13)","decl":{"start":{"line":78,"column":17},"end":{"line":78,"column":18}},"loc":{"start":{"line":78,"column":69},"end":{"line":93,"column":1}}},"5":{"name":"(anonymous_14)","decl":{"start":{"line":80,"column":41},"end":{"line":80,"column":46}},"loc":{"start":{"line":81,"column":12},"end":{"line":83,"column":23}}},"6":{"name":"(anonymous_15)","decl":{"start":{"line":104,"column":11},"end":{"line":104,"column":50}},"loc":{"start":{"line":104,"column":107},"end":{"line":119,"column":null}}},"7":{"name":"(anonymous_16)","decl":{"start":{"line":104,"column":107},"end":{"line":104,"column":null}},"loc":{"start":{"line":104,"column":107},"end":{"line":119,"column":5}}},"8":{"name":"(anonymous_17)","decl":{"start":{"line":125,"column":15},"end":{"line":125,"column":45}},"loc":{"start":{"line":125,"column":47},"end":{"line":171,"column":null}}},"9":{"name":"(anonymous_18)","decl":{"start":{"line":125,"column":47},"end":{"line":125,"column":null}},"loc":{"start":{"line":125,"column":47},"end":{"line":171,"column":5}}},"10":{"name":"(anonymous_19)","decl":{"start":{"line":131,"column":29},"end":{"line":131,"column":null}},"loc":{"start":{"line":134,"column":37},"end":{"line":158,"column":10}}},"11":{"name":"(anonymous_20)","decl":{"start":{"line":134,"column":37},"end":{"line":134,"column":null}},"loc":{"start":{"line":134,"column":37},"end":{"line":158,"column":9}}},"12":{"name":"(anonymous_21)","decl":{"start":{"line":164,"column":25},"end":{"line":164,"column":28}},"loc":{"start":{"line":164,"column":30},"end":{"line":168,"column":9}}},"13":{"name":"(anonymous_22)","decl":{"start":{"line":177,"column":17},"end":{"line":177,"column":null}},"loc":{"start":{"line":179,"column":20},"end":{"line":193,"column":null}}},"14":{"name":"(anonymous_23)","decl":{"start":{"line":179,"column":20},"end":{"line":179,"column":null}},"loc":{"start":{"line":179,"column":20},"end":{"line":193,"column":5}}},"15":{"name":"(anonymous_24)","decl":{"start":{"line":199,"column":11},"end":{"line":199,"column":35}},"loc":{"start":{"line":199,"column":37},"end":{"line":202,"column":null}}},"16":{"name":"(anonymous_25)","decl":{"start":{"line":199,"column":37},"end":{"line":199,"column":null}},"loc":{"start":{"line":199,"column":37},"end":{"line":202,"column":5}}},"17":{"name":"(anonymous_26)","decl":{"start":{"line":208,"column":23},"end":{"line":208,"column":50}},"loc":{"start":{"line":208,"column":52},"end":{"line":210,"column":null}}},"18":{"name":"(anonymous_27)","decl":{"start":{"line":208,"column":52},"end":{"line":208,"column":null}},"loc":{"start":{"line":208,"column":52},"end":{"line":210,"column":5}}},"19":{"name":"(anonymous_28)","decl":{"start":{"line":215,"column":13},"end":{"line":215,"column":22}},"loc":{"start":{"line":215,"column":25},"end":{"line":215,"column":29}}}},"branchMap":{"0":{"loc":{"start":{"line":9,"column":25},"end":{"line":9,"column":76}},"type":"binary-expr","locations":[{"start":{"line":9,"column":25},"end":{"line":9,"column":49}},{"start":{"line":9,"column":53},"end":{"line":9,"column":76}}]},"1":{"loc":{"start":{"line":12,"column":17},"end":{"line":12,"column":56}},"type":"binary-expr","locations":[{"start":{"line":12,"column":17},"end":{"line":12,"column":42}},{"start":{"line":12,"column":46},"end":{"line":12,"column":56}}]},"2":{"loc":{"start":{"line":14,"column":17},"end":{"line":14,"column":57}},"type":"binary-expr","locations":[{"start":{"line":14,"column":17},"end":{"line":14,"column":42}},{"start":{"line":14,"column":46},"end":{"line":14,"column":57}}]},"3":{"loc":{"start":{"line":15,"column":17},"end":{"line":15,"column":52}},"type":"binary-expr","locations":[{"start":{"line":15,"column":17},"end":{"line":15,"column":42}},{"start":{"line":15,"column":46},"end":{"line":15,"column":52}}]},"4":{"loc":{"start":{"line":16,"column":21},"end":{"line":16,"column":57}},"type":"binary-expr","locations":[{"start":{"line":16,"column":21},"end":{"line":16,"column":44}},{"start":{"line":16,"column":48},"end":{"line":16,"column":57}}]},"5":{"loc":{"start":{"line":18,"column":4},"end":{"line":20,"column":5}},"type":"if","locations":[{"start":{"line":18,"column":4},"end":{"line":20,"column":5}}]},"6":{"loc":{"start":{"line":26,"column":18},"end":{"line":28,"column":11}},"type":"cond-expr","locations":[{"start":{"line":27,"column":6},"end":{"line":27,"column":35}},{"start":{"line":28,"column":6},"end":{"line":28,"column":11}}]},"7":{"loc":{"start":{"line":35,"column":18},"end":{"line":35,"column":54}},"type":"binary-expr","locations":[{"start":{"line":35,"column":18},"end":{"line":35,"column":46}},{"start":{"line":35,"column":50},"end":{"line":35,"column":54}}]},"8":{"loc":{"start":{"line":61,"column":8},"end":{"line":67,"column":9}},"type":"if","locations":[{"start":{"line":61,"column":8},"end":{"line":67,"column":9}},{"start":{"line":63,"column":15},"end":{"line":67,"column":9}}]},"9":{"loc":{"start":{"line":63,"column":15},"end":{"line":67,"column":9}},"type":"if","locations":[{"start":{"line":63,"column":15},"end":{"line":67,"column":9}},{"start":{"line":65,"column":15},"end":{"line":67,"column":9}}]},"10":{"loc":{"start":{"line":65,"column":15},"end":{"line":67,"column":9}},"type":"if","locations":[{"start":{"line":65,"column":15},"end":{"line":67,"column":9}}]},"11":{"loc":{"start":{"line":65,"column":19},"end":{"line":65,"column":93}},"type":"binary-expr","locations":[{"start":{"line":65,"column":19},"end":{"line":65,"column":51}},{"start":{"line":65,"column":55},"end":{"line":65,"column":93}}]},"12":{"loc":{"start":{"line":70,"column":8},"end":{"line":70,"column":37}},"type":"if","locations":[{"start":{"line":70,"column":8},"end":{"line":70,"column":37}}]},"13":{"loc":{"start":{"line":79,"column":4},"end":{"line":92,"column":5}},"type":"if","locations":[{"start":{"line":79,"column":4},"end":{"line":92,"column":5}}]},"14":{"loc":{"start":{"line":79,"column":8},"end":{"line":79,"column":83}},"type":"binary-expr","locations":[{"start":{"line":79,"column":8},"end":{"line":79,"column":45}},{"start":{"line":79,"column":49},"end":{"line":79,"column":83}}]},"15":{"loc":{"start":{"line":80,"column":29},"end":{"line":83,"column":null}},"type":"cond-expr","locations":[{"start":{"line":80,"column":35},"end":{"line":80,"column":37}},{"start":{"line":80,"column":29},"end":{"line":83,"column":null}}]},"16":{"loc":{"start":{"line":80,"column":29},"end":{"line":80,"column":37}},"type":"binary-expr","locations":[{"start":{"line":80,"column":29},"end":{"line":80,"column":37}},{"start":{"line":80,"column":29},"end":{"line":80,"column":37}}]},"17":{"loc":{"start":{"line":81,"column":12},"end":{"line":83,"column":23}},"type":"cond-expr","locations":[{"start":{"line":82,"column":18},"end":{"line":82,"column":48}},{"start":{"line":83,"column":18},"end":{"line":83,"column":23}}]},"18":{"loc":{"start":{"line":81,"column":12},"end":{"line":81,"column":58}},"type":"binary-expr","locations":[{"start":{"line":81,"column":12},"end":{"line":81,"column":37}},{"start":{"line":81,"column":41},"end":{"line":81,"column":58}}]},"19":{"loc":{"start":{"line":86,"column":32},"end":{"line":86,"column":66}},"type":"cond-expr","locations":[{"start":{"line":86,"column":43},"end":{"line":86,"column":61}},{"start":{"line":86,"column":64},"end":{"line":86,"column":66}}]},"20":{"loc":{"start":{"line":87,"column":8},"end":{"line":91,"column":9}},"type":"if","locations":[{"start":{"line":87,"column":8},"end":{"line":91,"column":9}},{"start":{"line":89,"column":15},"end":{"line":91,"column":9}}]},"21":{"loc":{"start":{"line":87,"column":12},"end":{"line":87,"column":38}},"type":"binary-expr","locations":[{"start":{"line":87,"column":12},"end":{"line":87,"column":20}},{"start":{"line":87,"column":24},"end":{"line":87,"column":38}}]},"22":{"loc":{"start":{"line":139,"column":12},"end":{"line":145,"column":13}},"type":"if","locations":[{"start":{"line":139,"column":12},"end":{"line":145,"column":13}},{"start":{"line":142,"column":19},"end":{"line":145,"column":13}}]}},"s":{"0":1,"1":1,"2":1,"3":1,"4":1,"5":0,"6":0,"7":0,"8":0,"9":0,"10":0,"11":0,"12":0,"13":1,"14":1,"15":1,"16":0,"17":1,"18":0,"19":0,"20":1,"21":1,"22":1,"23":0,"24":0,"25":0,"26":0,"27":0,"28":0,"29":0,"30":0,"31":0,"32":0,"33":0,"34":0,"35":0,"36":0,"37":1,"38":1,"39":0,"40":0,"41":0,"42":0,"43":0,"44":0,"45":0,"46":1,"47":0,"48":0,"49":0,"50":0,"51":0,"52":0,"53":0,"54":0,"55":0,"56":0,"57":0,"58":0,"59":0,"60":0,"61":0,"62":0,"63":0,"64":0,"65":0,"66":0,"67":0,"68":0,"69":0,"70":0,"71":0,"72":0,"73":0,"74":0,"75":0,"76":0,"77":0,"78":0,"79":0,"80":0,"81":0,"82":0,"83":0,"84":0,"85":0,"86":0,"87":0,"88":0,"89":0,"90":0,"91":0,"92":0,"93":0,"94":0,"95":0,"96":0,"97":0,"98":0,"99":0,"100":0},"f":{"0":0,"1":0,"2":0,"3":1,"4":0,"5":0,"6":0,"7":0,"8":0,"9":0,"10":0,"11":0,"12":0,"13":0,"14":0,"15":0,"16":0,"17":0,"18":0,"19":0},"b":{"0":[1,0],"1":[0,0],"2":[0,0],"3":[0,0],"4":[0,0],"5":[0],"6":[0,1],"7":[1,1],"8":[0,0],"9":[0,0],"10":[0],"11":[0,0],"12":[0],"13":[0],"14":[0,0],"15":[0,0],"16":[0,0],"17":[0,0],"18":[0,0],"19":[0,0],"20":[0,0],"21":[0,0],"22":[0,0]}}
,"C:\\dev3\\Tablify-Web\\backend\\src\\models\\reservationModel.ts": {"path":"C:\\dev3\\Tablify-Web\\backend\\src\\models\\reservationModel.ts","statementMap":{"0":{"start":{"line":1,"column":0},"end":{"line":1,"column":36}},"1":{"start":{"line":2,"column":0},"end":{"line":2,"column":41}},"2":{"start":{"line":4,"column":13},"end":{"line":470,"column":2}},"3":{"start":{"line":7,"column":8},"end":{"line":47,"column":null}},"4":{"start":{"line":18,"column":8},"end":{"line":46,"column":9}},"5":{"start":{"line":20,"column":28},"end":{"line":20,"column":71}},"6":{"start":{"line":23,"column":26},"end":{"line":31,"column":14}},"7":{"start":{"line":33,"column":27},"end":{"line":37,"column":14}},"8":{"start":{"line":39,"column":27},"end":{"line":39,"column":56}},"9":{"start":{"line":41,"column":12},"end":{"line":41,"column":64}},"10":{"start":{"line":42,"column":12},"end":{"line":42,"column":34}},"11":{"start":{"line":44,"column":12},"end":{"line":44,"column":73}},"12":{"start":{"line":45,"column":12},"end":{"line":45,"column":24}},"13":{"start":{"line":51,"column":33},"end":{"line":51,"column":65}},"14":{"start":{"line":53,"column":27},"end":{"line":53,"column":65}},"15":{"start":{"line":54,"column":25},"end":{"line":54,"column":59}},"16":{"start":{"line":55,"column":27},"end":{"line":55,"column":44}},"17":{"start":{"line":57,"column":8},"end":{"line":57,"column":99}},"18":{"start":{"line":62,"column":8},"end":{"line":84,"column":9}},"19":{"start":{"line":63,"column":24},"end":{"line":66,"column":14}},"20":{"start":{"line":67,"column":27},"end":{"line":67,"column":41}},"21":{"start":{"line":70,"column":12},"end":{"line":73,"column":13}},"22":{"start":{"line":71,"column":16},"end":{"line":71,"column":54}},"23":{"start":{"line":72,"column":16},"end":{"line":72,"column":41}},"24":{"start":{"line":75,"column":12},"end":{"line":75,"column":76}},"25":{"start":{"line":77,"column":27},"end":{"line":77,"column":56}},"26":{"start":{"line":79,"column":12},"end":{"line":79,"column":65}},"27":{"start":{"line":80,"column":12},"end":{"line":80,"column":31}},"28":{"start":{"line":82,"column":12},"end":{"line":82,"column":74}},"29":{"start":{"line":83,"column":12},"end":{"line":83,"column":24}},"30":{"start":{"line":89,"column":8},"end":{"line":137,"column":9}},"31":{"start":{"line":92,"column":28},"end":{"line":92,"column":59}},"32":{"start":{"line":95,"column":39},"end":{"line":95,"column":63}},"33":{"start":{"line":96,"column":37},"end":{"line":96,"column":64}},"34":{"start":{"line":99,"column":26},"end":{"line":106,"column":14}},"35":{"start":{"line":108,"column":27},"end":{"line":108,"column":70}},"36":{"start":{"line":110,"column":12},"end":{"line":112,"column":13}},"37":{"start":{"line":111,"column":16},"end":{"line":111,"column":26}},"38":{"start":{"line":115,"column":37},"end":{"line":131,"column":67}},"39":{"start":{"line":118,"column":20},"end":{"line":118,"column":60}},"40":{"start":{"line":118,"column":47},"end":{"line":118,"column":60}},"41":{"start":{"line":120,"column":41},"end":{"line":120,"column":89}},"42":{"start":{"line":121,"column":39},"end":{"line":121,"column":79}},"43":{"start":{"line":125,"column":20},"end":{"line":129,"column":22}},"44":{"start":{"line":131,"column":36},"end":{"line":131,"column":66}},"45":{"start":{"line":133,"column":12},"end":{"line":133,"column":36}},"46":{"start":{"line":135,"column":12},"end":{"line":135,"column":77}},"47":{"start":{"line":136,"column":12},"end":{"line":136,"column":24}},"48":{"start":{"line":147,"column":8},"end":{"line":189,"column":9}},"49":{"start":{"line":149,"column":32},"end":{"line":152,"column":14}},"50":{"start":{"line":154,"column":33},"end":{"line":154,"column":76}},"51":{"start":{"line":156,"column":12},"end":{"line":158,"column":13}},"52":{"start":{"line":157,"column":16},"end":{"line":157,"column":26}},"53":{"start":{"line":161,"column":37},"end":{"line":161,"column":98}},"54":{"start":{"line":164,"column":36},"end":{"line":183,"column":18}},"55":{"start":{"line":167,"column":20},"end":{"line":167,"column":74}},"56":{"start":{"line":167,"column":61},"end":{"line":167,"column":74}},"57":{"start":{"line":170,"column":20},"end":{"line":170,"column":67}},"58":{"start":{"line":170,"column":54},"end":{"line":170,"column":67}},"59":{"start":{"line":173,"column":37},"end":{"line":173,"column":115}},"60":{"start":{"line":176,"column":20},"end":{"line":176,"column":49}},"61":{"start":{"line":180,"column":33},"end":{"line":180,"column":99}},"62":{"start":{"line":181,"column":33},"end":{"line":181,"column":99}},"63":{"start":{"line":182,"column":20},"end":{"line":182,"column":39}},"64":{"start":{"line":185,"column":12},"end":{"line":185,"column":35}},"65":{"start":{"line":187,"column":12},"end":{"line":187,"column":78}},"66":{"start":{"line":188,"column":12},"end":{"line":188,"column":24}},"67":{"start":{"line":194,"column":8},"end":{"line":211,"column":9}},"68":{"start":{"line":195,"column":26},"end":{"line":198,"column":14}},"69":{"start":{"line":200,"column":27},"end":{"line":200,"column":54}},"70":{"start":{"line":202,"column":12},"end":{"line":204,"column":13}},"71":{"start":{"line":203,"column":16},"end":{"line":203,"column":57}},"72":{"start":{"line":206,"column":12},"end":{"line":206,"column":64}},"73":{"start":{"line":207,"column":12},"end":{"line":207,"column":34}},"74":{"start":{"line":209,"column":12},"end":{"line":209,"column":73}},"75":{"start":{"line":210,"column":12},"end":{"line":210,"column":24}},"76":{"start":{"line":216,"column":8},"end":{"line":249,"column":9}},"77":{"start":{"line":218,"column":12},"end":{"line":220,"column":13}},"78":{"start":{"line":219,"column":16},"end":{"line":219,"column":93}},"79":{"start":{"line":223,"column":25},"end":{"line":223,"column":48}},"80":{"start":{"line":224,"column":12},"end":{"line":226,"column":13}},"81":{"start":{"line":225,"column":16},"end":{"line":225,"column":28}},"82":{"start":{"line":228,"column":30},"end":{"line":228,"column":91}},"83":{"start":{"line":228,"column":55},"end":{"line":228,"column":79}},"84":{"start":{"line":229,"column":27},"end":{"line":229,"column":59}},"85":{"start":{"line":229,"column":43},"end":{"line":229,"column":58}},"86":{"start":{"line":231,"column":26},"end":{"line":236,"column":14}},"87":{"start":{"line":238,"column":27},"end":{"line":238,"column":65}},"88":{"start":{"line":240,"column":12},"end":{"line":242,"column":13}},"89":{"start":{"line":241,"column":16},"end":{"line":241,"column":28}},"90":{"start":{"line":244,"column":12},"end":{"line":244,"column":64}},"91":{"start":{"line":245,"column":12},"end":{"line":245,"column":34}},"92":{"start":{"line":247,"column":12},"end":{"line":247,"column":73}},"93":{"start":{"line":248,"column":12},"end":{"line":248,"column":24}},"94":{"start":{"line":254,"column":8},"end":{"line":272,"column":9}},"95":{"start":{"line":255,"column":26},"end":{"line":259,"column":14}},"96":{"start":{"line":261,"column":27},"end":{"line":261,"column":54}},"97":{"start":{"line":263,"column":12},"end":{"line":265,"column":13}},"98":{"start":{"line":264,"column":16},"end":{"line":264,"column":29}},"99":{"start":{"line":267,"column":12},"end":{"line":267,"column":64}},"100":{"start":{"line":268,"column":12},"end":{"line":268,"column":24}},"101":{"start":{"line":270,"column":12},"end":{"line":270,"column":73}},"102":{"start":{"line":271,"column":12},"end":{"line":271,"column":24}},"103":{"start":{"line":281,"column":8},"end":{"line":370,"column":9}},"104":{"start":{"line":283,"column":30},"end":{"line":283,"column":93}},"105":{"start":{"line":285,"column":31},"end":{"line":288,"column":14}},"106":{"start":{"line":290,"column":32},"end":{"line":290,"column":85}},"107":{"start":{"line":292,"column":12},"end":{"line":295,"column":13}},"108":{"start":{"line":293,"column":16},"end":{"line":293,"column":106}},"109":{"start":{"line":294,"column":16},"end":{"line":294,"column":26}},"110":{"start":{"line":298,"column":32},"end":{"line":301,"column":14}},"111":{"start":{"line":303,"column":33},"end":{"line":303,"column":86}},"112":{"start":{"line":305,"column":12},"end":{"line":308,"column":13}},"113":{"start":{"line":306,"column":16},"end":{"line":306,"column":94}},"114":{"start":{"line":307,"column":16},"end":{"line":307,"column":26}},"115":{"start":{"line":311,"column":32},"end":{"line":314,"column":14}},"116":{"start":{"line":316,"column":33},"end":{"line":316,"column":76}},"117":{"start":{"line":318,"column":12},"end":{"line":321,"column":13}},"118":{"start":{"line":319,"column":16},"end":{"line":319,"column":78}},"119":{"start":{"line":320,"column":16},"end":{"line":320,"column":26}},"120":{"start":{"line":324,"column":38},"end":{"line":329,"column":14}},"121":{"start":{"line":331,"column":39},"end":{"line":331,"column":94}},"122":{"start":{"line":334,"column":40},"end":{"line":334,"column":42}},"123":{"start":{"line":335,"column":40},"end":{"line":335,"column":42}},"124":{"start":{"line":336,"column":29},"end":{"line":336,"column":31}},"125":{"start":{"line":339,"column":12},"end":{"line":364,"column":13}},"126":{"start":{"line":340,"column":33},"end":{"line":340,"column":48}},"127":{"start":{"line":341,"column":34},"end":{"line":341,"column":50}},"128":{"start":{"line":344,"column":36},"end":{"line":344,"column":64}},"129":{"start":{"line":345,"column":37},"end":{"line":345,"column":66}},"130":{"start":{"line":348,"column":16},"end":{"line":363,"column":17}},"131":{"start":{"line":348,"column":32},"end":{"line":348,"column":43}},"132":{"start":{"line":349,"column":37},"end":{"line":349,"column":61}},"133":{"start":{"line":352,"column":40},"end":{"line":357,"column":null}},"134":{"start":{"line":360,"column":20},"end":{"line":362,"column":21}},"135":{"start":{"line":361,"column":24},"end":{"line":361,"column":49}},"136":{"start":{"line":366,"column":12},"end":{"line":366,"column":29}},"137":{"start":{"line":368,"column":12},"end":{"line":368,"column":81}},"138":{"start":{"line":369,"column":12},"end":{"line":369,"column":24}},"139":{"start":{"line":374,"column":28},"end":{"line":401,"column":null}},"140":{"start":{"line":375,"column":8},"end":{"line":400,"column":9}},"141":{"start":{"line":377,"column":26},"end":{"line":387,"column":14}},"142":{"start":{"line":389,"column":27},"end":{"line":389,"column":74}},"143":{"start":{"line":391,"column":12},"end":{"line":393,"column":13}},"144":{"start":{"line":392,"column":16},"end":{"line":392,"column":28}},"145":{"start":{"line":395,"column":12},"end":{"line":395,"column":66}},"146":{"start":{"line":396,"column":12},"end":{"line":396,"column":34}},"147":{"start":{"line":398,"column":12},"end":{"line":398,"column":75}},"148":{"start":{"line":399,"column":12},"end":{"line":399,"column":24}},"149":{"start":{"line":405,"column":33},"end":{"line":405,"column":60}},"150":{"start":{"line":406,"column":8},"end":{"line":406,"column":36}},"151":{"start":{"line":411,"column":22},"end":{"line":411,"column":46}},"152":{"start":{"line":412,"column":21},"end":{"line":412,"column":33}},"153":{"start":{"line":413,"column":8},"end":{"line":413,"column":90}},"154":{"start":{"line":425,"column":30},"end":{"line":425,"column":58}},"155":{"start":{"line":426,"column":28},"end":{"line":426,"column":52}},"156":{"start":{"line":429,"column":31},"end":{"line":436,"column":10}},"157":{"start":{"line":431,"column":12},"end":{"line":431,"column":59}},"158":{"start":{"line":431,"column":46},"end":{"line":431,"column":59}},"159":{"start":{"line":434,"column":34},"end":{"line":434,"column":112}},"160":{"start":{"line":435,"column":12},"end":{"line":435,"column":46}},"161":{"start":{"line":438,"column":8},"end":{"line":440,"column":9}},"162":{"start":{"line":439,"column":12},"end":{"line":439,"column":25}},"163":{"start":{"line":443,"column":32},"end":{"line":465,"column":10}},"164":{"start":{"line":444,"column":36},"end":{"line":462,"column":14}},"165":{"start":{"line":446,"column":16},"end":{"line":446,"column":68}},"166":{"start":{"line":446,"column":55},"end":{"line":446,"column":68}},"167":{"start":{"line":449,"column":37},"end":{"line":449,"column":85}},"168":{"start":{"line":452,"column":35},"end":{"line":454,"column":45}},"169":{"start":{"line":457,"column":16},"end":{"line":461,"column":18}},"170":{"start":{"line":464,"column":12},"end":{"line":464,"column":36}},"171":{"start":{"line":468,"column":8},"end":{"line":468,"column":42}}},"fnMap":{"0":{"name":"(anonymous_8)","decl":{"start":{"line":6,"column":10},"end":{"line":6,"column":27}},"loc":{"start":{"line":6,"column":27},"end":{"line":47,"column":null}}},"1":{"name":"(anonymous_9)","decl":{"start":{"line":7,"column":8},"end":{"line":7,"column":29}},"loc":{"start":{"line":16,"column":34},"end":{"line":47,"column":5}}},"2":{"name":"(anonymous_10)","decl":{"start":{"line":50,"column":4},"end":{"line":50,"column":20}},"loc":{"start":{"line":50,"column":63},"end":{"line":58,"column":5}}},"3":{"name":"(anonymous_11)","decl":{"start":{"line":61,"column":10},"end":{"line":61,"column":25}},"loc":{"start":{"line":61,"column":61},"end":{"line":85,"column":null}}},"4":{"name":"(anonymous_13)","decl":{"start":{"line":88,"column":10},"end":{"line":88,"column":34}},"loc":{"start":{"line":88,"column":83},"end":{"line":138,"column":null}}},"5":{"name":"(anonymous_15)","decl":{"start":{"line":116,"column":24},"end":{"line":116,"column":35}},"loc":{"start":{"line":116,"column":38},"end":{"line":130,"column":17}}},"6":{"name":"(anonymous_16)","decl":{"start":{"line":131,"column":21},"end":{"line":131,"column":32}},"loc":{"start":{"line":131,"column":36},"end":{"line":131,"column":66}}},"7":{"name":"(anonymous_17)","decl":{"start":{"line":141,"column":10},"end":{"line":141,"column":35}},"loc":{"start":{"line":145,"column":25},"end":{"line":190,"column":null}}},"8":{"name":"(anonymous_19)","decl":{"start":{"line":165,"column":24},"end":{"line":165,"column":29}},"loc":{"start":{"line":165,"column":32},"end":{"line":177,"column":17}}},"9":{"name":"(anonymous_20)","decl":{"start":{"line":179,"column":22},"end":{"line":179,"column":23}},"loc":{"start":{"line":179,"column":31},"end":{"line":183,"column":17}}},"10":{"name":"(anonymous_21)","decl":{"start":{"line":193,"column":10},"end":{"line":193,"column":28}},"loc":{"start":{"line":193,"column":39},"end":{"line":212,"column":null}}},"11":{"name":"(anonymous_23)","decl":{"start":{"line":215,"column":10},"end":{"line":215,"column":27}},"loc":{"start":{"line":215,"column":55},"end":{"line":250,"column":null}}},"12":{"name":"(anonymous_25)","decl":{"start":{"line":228,"column":39},"end":{"line":228,"column":40}},"loc":{"start":{"line":228,"column":55},"end":{"line":228,"column":79}}},"13":{"name":"(anonymous_26)","decl":{"start":{"line":229,"column":36},"end":{"line":229,"column":39}},"loc":{"start":{"line":229,"column":43},"end":{"line":229,"column":58}}},"14":{"name":"(anonymous_27)","decl":{"start":{"line":253,"column":10},"end":{"line":253,"column":27}},"loc":{"start":{"line":253,"column":38},"end":{"line":273,"column":null}}},"15":{"name":"(anonymous_29)","decl":{"start":{"line":276,"column":10},"end":{"line":276,"column":31}},"loc":{"start":{"line":279,"column":25},"end":{"line":371,"column":null}}},"16":{"name":"(anonymous_31)","decl":{"start":{"line":374,"column":10},"end":{"line":374,"column":27}},"loc":{"start":{"line":374,"column":27},"end":{"line":401,"column":null}}},"17":{"name":"(anonymous_32)","decl":{"start":{"line":374,"column":28},"end":{"line":374,"column":38}},"loc":{"start":{"line":374,"column":71},"end":{"line":401,"column":5}}},"18":{"name":"(anonymous_33)","decl":{"start":{"line":404,"column":4},"end":{"line":404,"column":17}},"loc":{"start":{"line":404,"column":30},"end":{"line":407,"column":5}}},"19":{"name":"(anonymous_34)","decl":{"start":{"line":410,"column":4},"end":{"line":410,"column":17}},"loc":{"start":{"line":410,"column":33},"end":{"line":414,"column":5}}},"20":{"name":"(anonymous_35)","decl":{"start":{"line":417,"column":4},"end":{"line":417,"column":29}},"loc":{"start":{"line":422,"column":24},"end":{"line":469,"column":5}}},"21":{"name":"(anonymous_36)","decl":{"start":{"line":429,"column":45},"end":{"line":429,"column":50}},"loc":{"start":{"line":429,"column":53},"end":{"line":436,"column":9}}},"22":{"name":"(anonymous_37)","decl":{"start":{"line":443,"column":54},"end":{"line":443,"column":59}},"loc":{"start":{"line":443,"column":62},"end":{"line":465,"column":9}}},"23":{"name":"(anonymous_38)","decl":{"start":{"line":444,"column":54},"end":{"line":444,"column":65}},"loc":{"start":{"line":444,"column":68},"end":{"line":462,"column":13}}}},"branchMap":{"0":{"loc":{"start":{"line":15,"column":8},"end":{"line":15,"column":37}},"type":"default-arg","locations":[{"start":{"line":15,"column":35},"end":{"line":15,"column":37}}]},"1":{"loc":{"start":{"line":16,"column":8},"end":{"line":16,"column":34}},"type":"default-arg","locations":[{"start":{"line":16,"column":25},"end":{"line":16,"column":34}}]},"2":{"loc":{"start":{"line":70,"column":12},"end":{"line":73,"column":13}},"type":"if","locations":[{"start":{"line":70,"column":12},"end":{"line":73,"column":13}}]},"3":{"loc":{"start":{"line":110,"column":12},"end":{"line":112,"column":13}},"type":"if","locations":[{"start":{"line":110,"column":12},"end":{"line":112,"column":13}}]},"4":{"loc":{"start":{"line":118,"column":20},"end":{"line":118,"column":60}},"type":"if","locations":[{"start":{"line":118,"column":20},"end":{"line":118,"column":60}}]},"5":{"loc":{"start":{"line":126,"column":24},"end":{"line":128,"column":94}},"type":"binary-expr","locations":[{"start":{"line":126,"column":25},"end":{"line":126,"column":59}},{"start":{"line":126,"column":63},"end":{"line":126,"column":94}},{"start":{"line":127,"column":25},"end":{"line":127,"column":56}},{"start":{"line":127,"column":60},"end":{"line":127,"column":90}},{"start":{"line":128,"column":25},"end":{"line":128,"column":59}},{"start":{"line":128,"column":63},"end":{"line":128,"column":93}}]},"6":{"loc":{"start":{"line":156,"column":12},"end":{"line":158,"column":13}},"type":"if","locations":[{"start":{"line":156,"column":12},"end":{"line":158,"column":13}}]},"7":{"loc":{"start":{"line":167,"column":20},"end":{"line":167,"column":74}},"type":"if","locations":[{"start":{"line":167,"column":20},"end":{"line":167,"column":74}}]},"8":{"loc":{"start":{"line":170,"column":20},"end":{"line":170,"column":67}},"type":"if","locations":[{"start":{"line":170,"column":20},"end":{"line":170,"column":67}}]},"9":{"loc":{"start":{"line":173,"column":37},"end":{"line":173,"column":115}},"type":"cond-expr","locations":[{"start":{"line":173,"column":74},"end":{"line":173,"column":98}},{"start":{"line":173,"column":101},"end":{"line":173,"column":115}}]},"10":{"loc":{"start":{"line":180,"column":33},"end":{"line":180,"column":99}},"type":"cond-expr","locations":[{"start":{"line":180,"column":66},"end":{"line":180,"column":86}},{"start":{"line":180,"column":89},"end":{"line":180,"column":99}}]},"11":{"loc":{"start":{"line":181,"column":33},"end":{"line":181,"column":99}},"type":"cond-expr","locations":[{"start":{"line":181,"column":66},"end":{"line":181,"column":86}},{"start":{"line":181,"column":89},"end":{"line":181,"column":99}}]},"12":{"loc":{"start":{"line":202,"column":12},"end":{"line":204,"column":13}},"type":"if","locations":[{"start":{"line":202,"column":12},"end":{"line":204,"column":13}}]},"13":{"loc":{"start":{"line":218,"column":12},"end":{"line":220,"column":13}},"type":"if","locations":[{"start":{"line":218,"column":12},"end":{"line":220,"column":13}}]},"14":{"loc":{"start":{"line":224,"column":12},"end":{"line":226,"column":13}},"type":"if","locations":[{"start":{"line":224,"column":12},"end":{"line":226,"column":13}}]},"15":{"loc":{"start":{"line":240,"column":12},"end":{"line":242,"column":13}},"type":"if","locations":[{"start":{"line":240,"column":12},"end":{"line":242,"column":13}}]},"16":{"loc":{"start":{"line":263,"column":12},"end":{"line":265,"column":13}},"type":"if","locations":[{"start":{"line":263,"column":12},"end":{"line":265,"column":13}}]},"17":{"loc":{"start":{"line":292,"column":12},"end":{"line":295,"column":13}},"type":"if","locations":[{"start":{"line":292,"column":12},"end":{"line":295,"column":13}}]},"18":{"loc":{"start":{"line":292,"column":16},"end":{"line":292,"column":77}},"type":"binary-expr","locations":[{"start":{"line":292,"column":16},"end":{"line":292,"column":45}},{"start":{"line":292,"column":49},"end":{"line":292,"column":77}}]},"19":{"loc":{"start":{"line":305,"column":12},"end":{"line":308,"column":13}},"type":"if","locations":[{"start":{"line":305,"column":12},"end":{"line":308,"column":13}}]},"20":{"loc":{"start":{"line":318,"column":12},"end":{"line":321,"column":13}},"type":"if","locations":[{"start":{"line":318,"column":12},"end":{"line":321,"column":13}}]},"21":{"loc":{"start":{"line":356,"column":24},"end":{"line":356,"column":53}},"type":"binary-expr","locations":[{"start":{"line":356,"column":24},"end":{"line":356,"column":47}},{"start":{"line":356,"column":51},"end":{"line":356,"column":53}}]},"22":{"loc":{"start":{"line":360,"column":20},"end":{"line":362,"column":21}},"type":"if","locations":[{"start":{"line":360,"column":20},"end":{"line":362,"column":21}}]},"23":{"loc":{"start":{"line":374,"column":40},"end":{"line":374,"column":71}},"type":"default-arg","locations":[{"start":{"line":374,"column":69},"end":{"line":374,"column":71}}]},"24":{"loc":{"start":{"line":391,"column":12},"end":{"line":393,"column":13}},"type":"if","locations":[{"start":{"line":391,"column":12},"end":{"line":393,"column":13}}]},"25":{"loc":{"start":{"line":431,"column":12},"end":{"line":431,"column":59}},"type":"if","locations":[{"start":{"line":431,"column":12},"end":{"line":431,"column":59}}]},"26":{"loc":{"start":{"line":434,"column":34},"end":{"line":434,"column":112}},"type":"cond-expr","locations":[{"start":{"line":434,"column":71},"end":{"line":434,"column":95}},{"start":{"line":434,"column":98},"end":{"line":434,"column":112}}]},"27":{"loc":{"start":{"line":438,"column":8},"end":{"line":440,"column":9}},"type":"if","locations":[{"start":{"line":438,"column":8},"end":{"line":440,"column":9}}]},"28":{"loc":{"start":{"line":446,"column":16},"end":{"line":446,"column":68}},"type":"if","locations":[{"start":{"line":446,"column":16},"end":{"line":446,"column":68}}]},"29":{"loc":{"start":{"line":452,"column":35},"end":{"line":454,"column":45}},"type":"cond-expr","locations":[{"start":{"line":453,"column":22},"end":{"line":453,"column":62}},{"start":{"line":454,"column":22},"end":{"line":454,"column":45}}]},"30":{"loc":{"start":{"line":458,"column":20},"end":{"line":460,"column":80}},"type":"binary-expr","locations":[{"start":{"line":458,"column":21},"end":{"line":458,"column":50}},{"start":{"line":458,"column":54},"end":{"line":458,"column":80}},{"start":{"line":459,"column":21},"end":{"line":459,"column":47}},{"start":{"line":459,"column":51},"end":{"line":459,"column":76}},{"start":{"line":460,"column":21},"end":{"line":460,"column":50}},{"start":{"line":460,"column":54},"end":{"line":460,"column":79}}]}},"s":{"0":1,"1":1,"2":1,"3":2,"4":2,"5":2,"6":2,"7":2,"8":2,"9":1,"10":1,"11":1,"12":1,"13":4,"14":4,"15":4,"16":4,"17":4,"18":3,"19":3,"20":3,"21":3,"22":1,"23":1,"24":3,"25":3,"26":2,"27":2,"28":1,"29":1,"30":0,"31":0,"32":0,"33":0,"34":0,"35":0,"36":0,"37":0,"38":0,"39":0,"40":0,"41":0,"42":0,"43":0,"44":0,"45":0,"46":0,"47":0,"48":0,"49":0,"50":0,"51":0,"52":0,"53":0,"54":0,"55":0,"56":0,"57":0,"58":0,"59":0,"60":0,"61":0,"62":0,"63":0,"64":0,"65":0,"66":0,"67":0,"68":0,"69":0,"70":0,"71":0,"72":0,"73":0,"74":0,"75":0,"76":0,"77":0,"78":0,"79":0,"80":0,"81":0,"82":0,"83":0,"84":0,"85":0,"86":0,"87":0,"88":0,"89":0,"90":0,"91":0,"92":0,"93":0,"94":0,"95":0,"96":0,"97":0,"98":0,"99":0,"100":0,"101":0,"102":0,"103":0,"104":0,"105":0,"106":0,"107":0,"108":0,"109":0,"110":0,"111":0,"112":0,"113":0,"114":0,"115":0,"116":0,"117":0,"118":0,"119":0,"120":0,"121":0,"122":0,"123":0,"124":0,"125":0,"126":0,"127":0,"128":0,"129":0,"130":0,"131":0,"132":0,"133":0,"134":0,"135":0,"136":0,"137":0,"138":0,"139":0,"140":0,"141":0,"142":0,"143":0,"144":0,"145":0,"146":0,"147":0,"148":0,"149":0,"150":0,"151":0,"152":0,"153":0,"154":0,"155":0,"156":0,"157":0,"158":0,"159":0,"160":0,"161":0,"162":0,"163":0,"164":0,"165":0,"166":0,"167":0,"168":0,"169":0,"170":0,"171":0},"f":{"0":2,"1":2,"2":4,"3":3,"4":0,"5":0,"6":0,"7":0,"8":0,"9":0,"10":0,"11":0,"12":0,"13":0,"14":0,"15":0,"16":0,"17":0,"18":0,"19":0,"20":0,"21":0,"22":0,"23":0},"b":{"0":[1],"1":[1],"2":[1],"3":[0],"4":[0],"5":[0,0,0,0,0,0],"6":[0],"7":[0],"8":[0],"9":[0,0],"10":[0,0],"11":[0,0],"12":[0],"13":[0],"14":[0],"15":[0],"16":[0],"17":[0],"18":[0,0],"19":[0],"20":[0],"21":[0,0],"22":[0],"23":[0],"24":[0],"25":[0],"26":[0,0],"27":[0],"28":[0],"29":[0,0],"30":[0,0,0,0,0,0]}}
,"C:\\dev3\\Tablify-Web\\backend\\src\\utils\\logger.ts": {"path":"C:\\dev3\\Tablify-Web\\backend\\src\\utils\\logger.ts","statementMap":{"0":{"start":{"line":1,"column":0},"end":{"line":1,"column":26}},"1":{"start":{"line":4,"column":21},"end":{"line":11,"column":2}},"2":{"start":{"line":14,"column":13},"end":{"line":32,"column":2}},"3":{"start":{"line":16,"column":19},"end":{"line":16,"column":44}},"4":{"start":{"line":19,"column":34},"end":{"line":19,"column":87}},"5":{"start":{"line":22,"column":32},"end":{"line":22,"column":81}},"6":{"start":{"line":25,"column":31},"end":{"line":25,"column":80}},"7":{"start":{"line":28,"column":31},"end":{"line":28,"column":82}},"8":{"start":{"line":31,"column":37},"end":{"line":31,"column":95}}},"fnMap":{"0":{"name":"(anonymous_1)","decl":{"start":{"line":16,"column":13},"end":{"line":16,"column":16}},"loc":{"start":{"line":16,"column":19},"end":{"line":16,"column":44}}},"1":{"name":"(anonymous_2)","decl":{"start":{"line":19,"column":13},"end":{"line":19,"column":14}},"loc":{"start":{"line":19,"column":34},"end":{"line":19,"column":87}}},"2":{"name":"(anonymous_3)","decl":{"start":{"line":22,"column":11},"end":{"line":22,"column":12}},"loc":{"start":{"line":22,"column":32},"end":{"line":22,"column":81}}},"3":{"name":"(anonymous_4)","decl":{"start":{"line":25,"column":10},"end":{"line":25,"column":11}},"loc":{"start":{"line":25,"column":31},"end":{"line":25,"column":80}}},"4":{"name":"(anonymous_5)","decl":{"start":{"line":28,"column":10},"end":{"line":28,"column":11}},"loc":{"start":{"line":28,"column":31},"end":{"line":28,"column":82}}},"5":{"name":"(anonymous_6)","decl":{"start":{"line":31,"column":16},"end":{"line":31,"column":17}},"loc":{"start":{"line":31,"column":37},"end":{"line":31,"column":95}}}},"branchMap":{},"s":{"0":1,"1":1,"2":1,"3":0,"4":0,"5":0,"6":0,"7":0,"8":0},"f":{"0":0,"1":0,"2":0,"3":0,"4":0,"5":0},"b":{}}
}
