TN:
SF:src\config\database.ts
FN:11,buildConnectionString
FN:41,(anonymous_9)
FN:45,(anonymous_10)
FN:51,testConnection
FN:78,(anonymous_13)
FN:80,(anonymous_14)
FN:104,(anonymous_15)
FN:104,(anonymous_16)
FN:125,(anonymous_17)
FN:125,(anonymous_18)
FN:131,(anonymous_19)
FN:134,(anonymous_20)
FN:164,(anonymous_21)
FN:177,(anonymous_22)
FN:179,(anonymous_23)
FN:199,(anonymous_24)
FN:199,(anonymous_25)
FN:208,(anonymous_26)
FN:208,(anonymous_27)
FN:215,(anonymous_28)
FNF:20
FNH:1
FNDA:0,buildConnectionString
FNDA:0,(anonymous_9)
FNDA:0,(anonymous_10)
FNDA:2,testConnection
FNDA:0,(anonymous_13)
FNDA:0,(anonymous_14)
FNDA:0,(anonymous_15)
FNDA:0,(anonymous_16)
FNDA:0,(anonymous_17)
FNDA:0,(anonymous_18)
FNDA:0,(anonymous_19)
FNDA:0,(anonymous_20)
FNDA:0,(anonymous_21)
FNDA:0,(anonymous_22)
FNDA:0,(anonymous_23)
FNDA:0,(anonymous_24)
FNDA:0,(anonymous_25)
FNDA:0,(anonymous_26)
FNDA:0,(anonymous_27)
FNDA:0,(anonymous_28)
DA:1,2
DA:2,2
DA:3,2
DA:6,2
DA:9,2
DA:12,0
DA:13,0
DA:14,0
DA:15,0
DA:16,0
DA:18,0
DA:19,0
DA:22,0
DA:26,2
DA:31,2
DA:41,2
DA:42,0
DA:45,2
DA:46,0
DA:47,0
DA:52,2
DA:53,2
DA:54,2
DA:55,0
DA:56,0
DA:57,0
DA:58,0
DA:60,0
DA:61,0
DA:62,0
DA:63,0
DA:64,0
DA:65,0
DA:66,0
DA:68,0
DA:70,0
DA:75,2
DA:78,2
DA:79,0
DA:80,0
DA:81,0
DA:86,0
DA:87,0
DA:88,0
DA:90,0
DA:98,2
DA:104,0
DA:105,0
DA:106,0
DA:107,0
DA:108,0
DA:110,0
DA:112,0
DA:114,0
DA:115,0
DA:116,0
DA:117,0
DA:125,0
DA:126,0
DA:127,0
DA:128,0
DA:131,0
DA:134,0
DA:135,0
DA:139,0
DA:140,0
DA:141,0
DA:143,0
DA:144,0
DA:147,0
DA:148,0
DA:149,0
DA:150,0
DA:151,0
DA:153,0
DA:154,0
DA:155,0
DA:156,0
DA:161,0
DA:164,0
DA:165,0
DA:166,0
DA:167,0
DA:170,0
DA:179,0
DA:180,0
DA:182,0
DA:183,0
DA:184,0
DA:185,0
DA:186,0
DA:188,0
DA:189,0
DA:191,0
DA:199,0
DA:200,0
DA:201,0
DA:208,0
DA:209,0
DA:215,0
LF:100
LH:15
BRDA:9,0,0,2
BRDA:9,0,1,0
BRDA:12,1,0,0
BRDA:12,1,1,0
BRDA:14,2,0,0
BRDA:14,2,1,0
BRDA:15,3,0,0
BRDA:15,3,1,0
BRDA:16,4,0,0
BRDA:16,4,1,0
BRDA:18,5,0,0
BRDA:26,6,0,0
BRDA:26,6,1,2
BRDA:35,7,0,2
BRDA:35,7,1,2
BRDA:61,8,0,0
BRDA:61,8,1,0
BRDA:63,9,0,0
BRDA:63,9,1,0
BRDA:65,10,0,0
BRDA:65,11,0,0
BRDA:65,11,1,0
BRDA:70,12,0,0
BRDA:79,13,0,0
BRDA:79,14,0,0
BRDA:79,14,1,0
BRDA:80,15,0,0
BRDA:80,15,1,0
BRDA:80,16,0,0
BRDA:80,16,1,0
BRDA:81,17,0,0
BRDA:81,17,1,0
BRDA:81,18,0,0
BRDA:81,18,1,0
BRDA:86,19,0,0
BRDA:86,19,1,0
BRDA:87,20,0,0
BRDA:87,20,1,0
BRDA:87,21,0,0
BRDA:87,21,1,0
BRDA:139,22,0,0
BRDA:139,22,1,0
BRF:42
BRH:4
end_of_record
TN:
SF:src\controllers\interetControllers.ts
FN:6,(anonymous_7)
FN:6,(anonymous_8)
FN:32,(anonymous_9)
FN:32,(anonymous_10)
FN:42,(anonymous_11)
FN:42,(anonymous_12)
FN:57,(anonymous_13)
FN:57,(anonymous_14)
FNF:8
FNH:0
FNDA:0,(anonymous_7)
FNDA:0,(anonymous_8)
FNDA:0,(anonymous_9)
FNDA:0,(anonymous_10)
FNDA:0,(anonymous_11)
FNDA:0,(anonymous_12)
FNDA:0,(anonymous_13)
FNDA:0,(anonymous_14)
DA:2,0
DA:3,0
DA:5,0
DA:6,0
DA:7,0
DA:9,0
DA:10,0
DA:11,0
DA:12,0
DA:15,0
DA:16,0
DA:22,0
DA:27,0
DA:28,0
DA:32,0
DA:33,0
DA:34,0
DA:35,0
DA:37,0
DA:38,0
DA:42,0
DA:43,0
DA:44,0
DA:45,0
DA:46,0
DA:48,0
DA:49,0
DA:50,0
DA:52,0
DA:53,0
DA:57,0
DA:58,0
DA:59,0
DA:60,0
DA:61,0
DA:63,0
DA:64,0
DA:65,0
DA:67,0
DA:68,0
LF:40
LH:0
BRDA:9,0,0,0
BRDA:9,1,0,0
BRDA:9,1,1,0
BRDA:9,1,2,0
BRDA:44,2,0,0
BRDA:59,3,0,0
BRF:6
BRH:0
end_of_record
TN:
SF:src\controllers\reservationController.ts
FN:10,(anonymous_7)
FN:10,(anonymous_8)
FN:48,(anonymous_9)
FN:88,(anonymous_10)
FN:88,(anonymous_11)
FN:133,(anonymous_12)
FN:133,(anonymous_13)
FN:156,(anonymous_14)
FN:156,(anonymous_15)
FN:183,(anonymous_16)
FN:183,(anonymous_17)
FN:242,(anonymous_18)
FN:242,(anonymous_19)
FN:269,(anonymous_20)
FN:269,(anonymous_21)
FN:296,(anonymous_22)
FN:296,(anonymous_23)
FNF:17
FNH:12
FNDA:2,(anonymous_7)
FNDA:2,(anonymous_8)
FNDA:0,(anonymous_9)
FNDA:2,(anonymous_10)
FNDA:2,(anonymous_11)
FNDA:1,(anonymous_12)
FNDA:1,(anonymous_13)
FNDA:2,(anonymous_14)
FNDA:2,(anonymous_15)
FNDA:0,(anonymous_16)
FNDA:0,(anonymous_17)
FNDA:1,(anonymous_18)
FNDA:1,(anonymous_19)
FNDA:0,(anonymous_20)
FNDA:0,(anonymous_21)
FNDA:1,(anonymous_22)
FNDA:1,(anonymous_23)
DA:3,1
DA:4,1
DA:5,1
DA:6,1
DA:8,1
DA:10,2
DA:21,2
DA:23,2
DA:24,1
DA:25,1
DA:28,1
DA:29,1
DA:35,1
DA:36,0
DA:37,0
DA:40,1
DA:41,0
DA:48,0
DA:50,0
DA:51,0
DA:52,0
DA:56,1
DA:68,1
DA:70,1
DA:77,1
DA:82,0
DA:83,0
DA:88,2
DA:89,2
DA:90,2
DA:92,2
DA:93,1
DA:97,1
DA:100,1
DA:102,1
DA:104,1
DA:105,0
DA:109,0
DA:113,1
DA:120,1
DA:124,0
DA:125,0
DA:133,1
DA:134,1
DA:136,1
DA:138,1
DA:139,1
DA:143,1
DA:145,1
DA:147,0
DA:148,0
DA:156,2
DA:157,2
DA:159,2
DA:160,1
DA:161,1
DA:164,1
DA:165,1
DA:167,1
DA:168,1
DA:169,1
DA:172,0
DA:174,0
DA:175,0
DA:183,0
DA:184,0
DA:185,0
DA:187,0
DA:188,0
DA:189,0
DA:192,0
DA:194,0
DA:195,0
DA:197,0
DA:198,0
DA:199,0
DA:202,0
DA:203,0
DA:204,0
DA:206,0
DA:212,0
DA:213,0
DA:217,0
DA:221,0
DA:223,0
DA:224,0
DA:225,0
DA:228,0
DA:233,0
DA:234,0
DA:242,1
DA:243,1
DA:245,1
DA:246,0
DA:247,0
DA:250,1
DA:251,1
DA:253,1
DA:254,0
DA:255,0
DA:258,1
DA:260,0
DA:261,0
DA:269,0
DA:270,0
DA:271,0
DA:273,0
DA:274,0
DA:275,0
DA:278,0
DA:279,0
DA:285,0
DA:287,0
DA:288,0
DA:296,1
DA:297,1
DA:298,1
DA:300,1
DA:301,0
DA:302,0
DA:305,1
DA:306,1
DA:308,1
DA:309,0
DA:310,0
DA:313,1
DA:314,0
DA:315,0
DA:318,1
DA:324,1
DA:325,1
DA:326,1
DA:327,1
DA:329,0
DA:334,1
DA:340,0
DA:341,0
LF:137
LH:67
BRDA:23,0,0,1
BRDA:23,1,0,2
BRDA:23,1,1,1
BRDA:23,1,2,1
BRDA:23,1,3,1
BRDA:23,1,4,1
BRDA:23,1,5,1
BRDA:35,2,0,0
BRDA:40,3,0,0
BRDA:50,4,0,0
BRDA:58,5,0,1
BRDA:58,5,1,1
BRDA:60,6,0,1
BRDA:60,6,1,0
BRDA:65,7,0,1
BRDA:65,7,1,1
BRDA:92,8,0,1
BRDA:92,9,0,2
BRDA:92,9,1,1
BRDA:92,9,2,1
BRDA:92,9,3,1
BRDA:104,10,0,0
BRDA:104,11,0,1
BRDA:104,11,1,1
BRDA:159,12,0,1
BRDA:167,13,0,1
BRDA:187,14,0,0
BRDA:194,15,0,0
BRDA:194,16,0,0
BRDA:194,16,1,0
BRDA:194,16,2,0
BRDA:197,17,0,0
BRDA:202,18,0,0
BRDA:202,18,1,0
BRDA:203,19,0,0
BRDA:203,19,1,0
BRDA:204,20,0,0
BRDA:204,20,1,0
BRDA:212,21,0,0
BRDA:223,22,0,0
BRDA:245,23,0,0
BRDA:253,24,0,0
BRDA:273,25,0,0
BRDA:273,26,0,0
BRDA:273,26,1,0
BRDA:273,26,2,0
BRDA:300,27,0,0
BRDA:308,28,0,0
BRDA:313,29,0,0
BRDA:324,30,0,1
BRF:50
BRH:22
end_of_record
TN:
SF:src\controllers\restaurantController.ts
FN:9,(anonymous_7)
FN:9,(anonymous_8)
FN:43,(anonymous_9)
FN:43,(anonymous_10)
FN:85,(anonymous_11)
FN:85,(anonymous_12)
FN:106,(anonymous_13)
FN:106,(anonymous_14)
FN:126,(anonymous_15)
FN:126,(anonymous_16)
FN:149,(anonymous_17)
FN:149,(anonymous_18)
FN:171,(anonymous_19)
FN:171,(anonymous_20)
FN:192,(anonymous_21)
FN:192,(anonymous_22)
FN:207,(anonymous_23)
FN:207,(anonymous_24)
FN:231,(anonymous_25)
FN:231,(anonymous_26)
FN:257,(anonymous_27)
FN:257,(anonymous_28)
FN:279,(anonymous_29)
FN:279,(anonymous_30)
FN:295,(anonymous_31)
FN:295,(anonymous_32)
FN:316,(anonymous_33)
FN:316,(anonymous_34)
FN:336,(anonymous_35)
FN:336,(anonymous_36)
FNF:30
FNH:0
FNDA:0,(anonymous_7)
FNDA:0,(anonymous_8)
FNDA:0,(anonymous_9)
FNDA:0,(anonymous_10)
FNDA:0,(anonymous_11)
FNDA:0,(anonymous_12)
FNDA:0,(anonymous_13)
FNDA:0,(anonymous_14)
FNDA:0,(anonymous_15)
FNDA:0,(anonymous_16)
FNDA:0,(anonymous_17)
FNDA:0,(anonymous_18)
FNDA:0,(anonymous_19)
FNDA:0,(anonymous_20)
FNDA:0,(anonymous_21)
FNDA:0,(anonymous_22)
FNDA:0,(anonymous_23)
FNDA:0,(anonymous_24)
FNDA:0,(anonymous_25)
FNDA:0,(anonymous_26)
FNDA:0,(anonymous_27)
FNDA:0,(anonymous_28)
FNDA:0,(anonymous_29)
FNDA:0,(anonymous_30)
FNDA:0,(anonymous_31)
FNDA:0,(anonymous_32)
FNDA:0,(anonymous_33)
FNDA:0,(anonymous_34)
FNDA:0,(anonymous_35)
FNDA:0,(anonymous_36)
DA:3,0
DA:4,0
DA:7,0
DA:9,0
DA:10,0
DA:11,0
DA:12,0
DA:15,0
DA:17,0
DA:19,0
DA:20,0
DA:21,0
DA:22,0
DA:25,0
DA:27,0
DA:28,0
DA:29,0
DA:30,0
DA:32,0
DA:33,0
DA:36,0
DA:37,0
DA:38,0
DA:43,0
DA:45,0
DA:48,0
DA:51,0
DA:52,0
DA:53,0
DA:54,0
DA:57,0
DA:58,0
DA:61,0
DA:71,0
DA:77,0
DA:78,0
DA:85,0
DA:86,0
DA:87,0
DA:89,0
DA:95,0
DA:97,0
DA:98,0
DA:106,0
DA:107,0
DA:108,0
DA:109,0
DA:110,0
DA:112,0
DA:113,0
DA:114,0
DA:115,0
DA:116,0
DA:118,0
DA:120,0
DA:121,0
DA:126,0
DA:127,0
DA:128,0
DA:130,0
DA:131,0
DA:132,0
DA:135,0
DA:136,0
DA:137,0
DA:138,0
DA:139,0
DA:141,0
DA:143,0
DA:144,0
DA:149,0
DA:150,0
DA:152,0
DA:153,0
DA:154,0
DA:157,0
DA:158,0
DA:159,0
DA:160,0
DA:161,0
DA:163,0
DA:165,0
DA:166,0
DA:171,0
DA:172,0
DA:174,0
DA:175,0
DA:177,0
DA:178,0
DA:179,0
DA:182,0
DA:183,0
DA:184,0
DA:186,0
DA:187,0
DA:192,0
DA:193,0
DA:194,0
DA:195,0
DA:196,0
DA:198,0
DA:199,0
DA:200,0
DA:202,0
DA:203,0
DA:207,0
DA:208,0
DA:209,0
DA:211,0
DA:212,0
DA:213,0
DA:216,0
DA:217,0
DA:224,0
DA:226,0
DA:227,0
DA:231,0
DA:232,0
DA:233,0
DA:235,0
DA:236,0
DA:237,0
DA:240,0
DA:241,0
DA:246,0
DA:247,0
DA:248,0
DA:250,0
DA:252,0
DA:253,0
DA:257,0
DA:258,0
DA:260,0
DA:261,0
DA:262,0
DA:265,0
DA:266,0
DA:267,0
DA:268,0
DA:269,0
DA:271,0
DA:273,0
DA:274,0
DA:279,0
DA:280,0
DA:281,0
DA:282,0
DA:283,0
DA:286,0
DA:287,0
DA:288,0
DA:290,0
DA:291,0
DA:295,0
DA:296,0
DA:297,0
DA:299,0
DA:300,0
DA:301,0
DA:304,0
DA:305,0
DA:306,0
DA:308,0
DA:309,0
DA:316,0
DA:317,0
DA:318,0
DA:319,0
DA:320,0
DA:323,0
DA:324,0
DA:325,0
DA:326,0
DA:327,0
DA:329,0
DA:331,0
DA:332,0
DA:336,0
DA:337,0
DA:338,0
DA:340,0
DA:341,0
DA:342,0
DA:345,0
DA:346,0
DA:347,0
DA:348,0
DA:349,0
DA:351,0
DA:353,0
DA:354,0
LF:191
LH:0
BRDA:15,0,0,0
BRDA:15,0,1,0
BRDA:15,1,0,0
BRDA:15,1,1,0
BRDA:15,2,0,0
BRDA:15,2,1,0
BRDA:15,3,0,0
BRDA:15,3,1,0
BRDA:15,4,0,0
BRDA:15,4,1,0
BRDA:19,5,0,0
BRDA:48,6,0,0
BRDA:48,6,1,0
BRDA:48,6,2,0
BRDA:48,7,0,0
BRDA:48,7,1,0
BRDA:48,8,0,0
BRDA:48,8,1,0
BRDA:48,9,0,0
BRDA:48,9,1,0
BRDA:48,10,0,0
BRDA:48,10,1,0
BRDA:51,11,0,0
BRDA:51,12,0,0
BRDA:51,12,1,0
BRDA:51,12,2,0
BRDA:51,12,3,0
BRDA:51,12,4,0
BRDA:67,13,0,0
BRDA:67,13,1,0
BRDA:108,14,0,0
BRDA:114,15,0,0
BRDA:130,16,0,0
BRDA:137,17,0,0
BRDA:152,18,0,0
BRDA:159,19,0,0
BRDA:177,20,0,0
BRDA:194,21,0,0
BRDA:211,22,0,0
BRDA:211,23,0,0
BRDA:211,23,1,0
BRDA:211,23,2,0
BRDA:221,24,0,0
BRDA:221,24,1,0
BRDA:222,25,0,0
BRDA:222,25,1,0
BRDA:235,26,0,0
BRDA:235,27,0,0
BRDA:235,27,1,0
BRDA:246,28,0,0
BRDA:260,29,0,0
BRDA:260,30,0,0
BRDA:260,30,1,0
BRDA:267,31,0,0
BRDA:281,32,0,0
BRDA:299,33,0,0
BRDA:299,34,0,0
BRDA:299,34,1,0
BRDA:318,35,0,0
BRDA:325,36,0,0
BRDA:340,37,0,0
BRDA:347,38,0,0
BRF:62
BRH:0
end_of_record
TN:
SF:src\controllers\utilisateurController.ts
FN:9,(anonymous_8)
FN:9,(anonymous_9)
FN:68,(anonymous_10)
FN:68,(anonymous_11)
FN:124,(anonymous_12)
FN:124,(anonymous_13)
FN:134,(anonymous_14)
FN:134,(anonymous_15)
FN:149,(anonymous_16)
FN:149,(anonymous_17)
FN:164,(anonymous_18)
FN:164,(anonymous_19)
FN:179,(anonymous_20)
FN:179,(anonymous_21)
FNF:14
FNH:0
FNDA:0,(anonymous_8)
FNDA:0,(anonymous_9)
FNDA:0,(anonymous_10)
FNDA:0,(anonymous_11)
FNDA:0,(anonymous_12)
FNDA:0,(anonymous_13)
FNDA:0,(anonymous_14)
FNDA:0,(anonymous_15)
FNDA:0,(anonymous_16)
FNDA:0,(anonymous_17)
FNDA:0,(anonymous_18)
FNDA:0,(anonymous_19)
FNDA:0,(anonymous_20)
FNDA:0,(anonymous_21)
DA:2,0
DA:3,0
DA:4,0
DA:5,0
DA:7,0
DA:9,0
DA:19,0
DA:22,0
DA:23,0
DA:24,0
DA:25,0
DA:28,0
DA:30,0
DA:31,0
DA:32,0
DA:33,0
DA:37,0
DA:38,0
DA:41,0
DA:52,0
DA:53,0
DA:62,0
DA:63,0
DA:68,0
DA:69,0
DA:72,0
DA:73,0
DA:74,0
DA:77,0
DA:79,0
DA:80,0
DA:81,0
DA:82,0
DA:86,0
DA:87,0
DA:88,0
DA:89,0
DA:94,0
DA:105,0
DA:106,0
DA:118,0
DA:119,0
DA:124,0
DA:125,0
DA:126,0
DA:127,0
DA:129,0
DA:130,0
DA:134,0
DA:135,0
DA:136,0
DA:137,0
DA:138,0
DA:140,0
DA:141,0
DA:142,0
DA:144,0
DA:145,0
DA:149,0
DA:150,0
DA:151,0
DA:152,0
DA:153,0
DA:155,0
DA:156,0
DA:157,0
DA:159,0
DA:160,0
DA:164,0
DA:165,0
DA:166,0
DA:167,0
DA:168,0
DA:170,0
DA:171,0
DA:172,0
DA:174,0
DA:175,0
DA:179,0
DA:180,0
DA:181,0
DA:182,0
DA:183,0
DA:185,0
DA:186,0
DA:187,0
DA:189,0
DA:190,0
LF:88
LH:0
BRDA:16,0,0,0
BRDA:17,1,0,0
BRDA:18,2,0,0
BRDA:22,3,0,0
BRDA:22,4,0,0
BRDA:22,4,1,0
BRDA:22,4,2,0
BRDA:22,4,3,0
BRDA:22,4,4,0
BRDA:31,5,0,0
BRDA:72,6,0,0
BRDA:72,7,0,0
BRDA:72,7,1,0
BRDA:80,8,0,0
BRDA:87,9,0,0
BRDA:101,10,0,0
BRDA:101,10,1,0
BRDA:136,11,0,0
BRDA:151,12,0,0
BRDA:166,13,0,0
BRDA:181,14,0,0
BRF:21
BRH:0
end_of_record
TN:
SF:src\middleware\authMiddleware.ts
FN:14,(anonymous_1)
FNF:1
FNH:0
FNDA:0,(anonymous_1)
DA:2,0
DA:3,0
DA:14,0
DA:15,0
DA:17,0
DA:20,0
DA:23,0
DA:24,0
DA:25,0
DA:26,0
DA:27,0
DA:31,0
DA:32,0
DA:34,0
DA:35,0
DA:36,0
DA:39,0
DA:40,0
DA:42,0
DA:43,0
DA:46,0
DA:47,0
DA:48,0
LF:23
LH:0
BRDA:23,0,0,0
BRDA:23,1,0,0
BRDA:23,1,1,0
BRDA:35,2,0,0
BRDA:35,2,1,0
BRF:5
BRH:0
end_of_record
TN:
SF:src\models\interetModel.ts
FN:5,(anonymous_8)
FN:24,(anonymous_10)
FN:37,(anonymous_12)
FN:58,(anonymous_14)
FNF:4
FNH:0
FNDA:0,(anonymous_8)
FNDA:0,(anonymous_10)
FNDA:0,(anonymous_12)
FNDA:0,(anonymous_14)
DA:1,0
DA:2,0
DA:4,0
DA:6,0
DA:7,0
DA:13,0
DA:14,0
DA:16,0
DA:17,0
DA:19,0
DA:20,0
DA:25,0
DA:26,0
DA:27,0
DA:29,0
DA:30,0
DA:32,0
DA:33,0
DA:38,0
DA:39,0
DA:44,0
DA:46,0
DA:47,0
DA:50,0
DA:51,0
DA:53,0
DA:54,0
DA:59,0
DA:60,0
DA:65,0
DA:67,0
DA:68,0
DA:71,0
DA:72,0
DA:74,0
DA:75,0
LF:36
LH:0
BRDA:46,0,0,0
BRDA:67,1,0,0
BRF:2
BRH:0
end_of_record
TN:
SF:src\models\reservationModel.ts
FN:6,(anonymous_8)
FN:7,(anonymous_9)
FN:50,(anonymous_10)
FN:61,(anonymous_11)
FN:88,(anonymous_13)
FN:116,(anonymous_15)
FN:131,(anonymous_16)
FN:141,(anonymous_17)
FN:165,(anonymous_19)
FN:179,(anonymous_20)
FN:193,(anonymous_21)
FN:215,(anonymous_23)
FN:228,(anonymous_25)
FN:229,(anonymous_26)
FN:253,(anonymous_27)
FN:276,(anonymous_29)
FN:374,(anonymous_31)
FN:374,(anonymous_32)
FN:404,(anonymous_33)
FN:410,(anonymous_34)
FN:417,(anonymous_35)
FN:429,(anonymous_36)
FN:443,(anonymous_37)
FN:444,(anonymous_38)
FNF:24
FNH:0
FNDA:0,(anonymous_8)
FNDA:0,(anonymous_9)
FNDA:0,(anonymous_10)
FNDA:0,(anonymous_11)
FNDA:0,(anonymous_13)
FNDA:0,(anonymous_15)
FNDA:0,(anonymous_16)
FNDA:0,(anonymous_17)
FNDA:0,(anonymous_19)
FNDA:0,(anonymous_20)
FNDA:0,(anonymous_21)
FNDA:0,(anonymous_23)
FNDA:0,(anonymous_25)
FNDA:0,(anonymous_26)
FNDA:0,(anonymous_27)
FNDA:0,(anonymous_29)
FNDA:0,(anonymous_31)
FNDA:0,(anonymous_32)
FNDA:0,(anonymous_33)
FNDA:0,(anonymous_34)
FNDA:0,(anonymous_35)
FNDA:0,(anonymous_36)
FNDA:0,(anonymous_37)
FNDA:0,(anonymous_38)
DA:1,1
DA:2,1
DA:4,1
DA:7,0
DA:18,0
DA:20,0
DA:23,0
DA:33,0
DA:39,0
DA:41,0
DA:42,0
DA:44,0
DA:45,0
DA:51,0
DA:53,0
DA:54,0
DA:55,0
DA:57,0
DA:62,0
DA:63,0
DA:67,0
DA:70,0
DA:71,0
DA:72,0
DA:75,0
DA:77,0
DA:79,0
DA:80,0
DA:82,0
DA:83,0
DA:89,0
DA:92,0
DA:95,0
DA:96,0
DA:99,0
DA:108,0
DA:110,0
DA:111,0
DA:115,0
DA:118,0
DA:120,0
DA:121,0
DA:125,0
DA:131,0
DA:133,0
DA:135,0
DA:136,0
DA:147,0
DA:149,0
DA:154,0
DA:156,0
DA:157,0
DA:161,0
DA:164,0
DA:167,0
DA:170,0
DA:173,0
DA:176,0
DA:180,0
DA:181,0
DA:182,0
DA:185,0
DA:187,0
DA:188,0
DA:194,0
DA:195,0
DA:200,0
DA:202,0
DA:203,0
DA:206,0
DA:207,0
DA:209,0
DA:210,0
DA:216,0
DA:218,0
DA:219,0
DA:223,0
DA:224,0
DA:225,0
DA:228,0
DA:229,0
DA:231,0
DA:238,0
DA:240,0
DA:241,0
DA:244,0
DA:245,0
DA:247,0
DA:248,0
DA:254,0
DA:255,0
DA:261,0
DA:263,0
DA:264,0
DA:267,0
DA:268,0
DA:270,0
DA:271,0
DA:281,0
DA:283,0
DA:285,0
DA:290,0
DA:292,0
DA:293,0
DA:294,0
DA:298,0
DA:303,0
DA:305,0
DA:306,0
DA:307,0
DA:311,0
DA:316,0
DA:318,0
DA:319,0
DA:320,0
DA:324,0
DA:331,0
DA:334,0
DA:335,0
DA:336,0
DA:339,0
DA:340,0
DA:341,0
DA:344,0
DA:345,0
DA:348,0
DA:349,0
DA:352,0
DA:360,0
DA:361,0
DA:366,0
DA:368,0
DA:369,0
DA:374,0
DA:375,0
DA:377,0
DA:389,0
DA:391,0
DA:392,0
DA:395,0
DA:396,0
DA:398,0
DA:399,0
DA:405,0
DA:406,0
DA:411,0
DA:412,0
DA:413,0
DA:425,0
DA:426,0
DA:429,0
DA:431,0
DA:434,0
DA:435,0
DA:438,0
DA:439,0
DA:443,0
DA:444,0
DA:446,0
DA:449,0
DA:452,0
DA:457,0
DA:464,0
DA:468,0
LF:164
LH:3
BRDA:15,0,0,0
BRDA:16,1,0,0
BRDA:70,2,0,0
BRDA:110,3,0,0
BRDA:118,4,0,0
BRDA:126,5,0,0
BRDA:126,5,1,0
BRDA:126,5,2,0
BRDA:126,5,3,0
BRDA:126,5,4,0
BRDA:126,5,5,0
BRDA:156,6,0,0
BRDA:167,7,0,0
BRDA:170,8,0,0
BRDA:173,9,0,0
BRDA:173,9,1,0
BRDA:180,10,0,0
BRDA:180,10,1,0
BRDA:181,11,0,0
BRDA:181,11,1,0
BRDA:202,12,0,0
BRDA:218,13,0,0
BRDA:224,14,0,0
BRDA:240,15,0,0
BRDA:263,16,0,0
BRDA:292,17,0,0
BRDA:292,18,0,0
BRDA:292,18,1,0
BRDA:305,19,0,0
BRDA:318,20,0,0
BRDA:356,21,0,0
BRDA:356,21,1,0
BRDA:360,22,0,0
BRDA:374,23,0,0
BRDA:391,24,0,0
BRDA:431,25,0,0
BRDA:434,26,0,0
BRDA:434,26,1,0
BRDA:438,27,0,0
BRDA:446,28,0,0
BRDA:452,29,0,0
BRDA:452,29,1,0
BRDA:458,30,0,0
BRDA:458,30,1,0
BRDA:458,30,2,0
BRDA:458,30,3,0
BRDA:458,30,4,0
BRDA:458,30,5,0
BRF:48
BRH:0
end_of_record
TN:
SF:src\models\restaurantModel.ts
FN:24,(anonymous_9)
FN:24,(anonymous_10)
FN:72,(anonymous_11)
FN:101,(anonymous_13)
FN:123,(anonymous_15)
FN:131,(anonymous_17)
FN:132,(anonymous_18)
FN:156,(anonymous_19)
FN:179,(anonymous_21)
FN:197,(anonymous_23)
FN:215,(anonymous_25)
FN:235,(anonymous_27)
FN:243,(anonymous_29)
FN:244,(anonymous_30)
FN:267,(anonymous_31)
FN:290,(anonymous_33)
FN:328,(anonymous_35)
FN:345,(anonymous_36)
FN:435,(anonymous_38)
FN:471,(anonymous_40)
FN:485,(anonymous_42)
FN:486,(anonymous_43)
FNF:22
FNH:0
FNDA:0,(anonymous_9)
FNDA:0,(anonymous_10)
FNDA:0,(anonymous_11)
FNDA:0,(anonymous_13)
FNDA:0,(anonymous_15)
FNDA:0,(anonymous_17)
FNDA:0,(anonymous_18)
FNDA:0,(anonymous_19)
FNDA:0,(anonymous_21)
FNDA:0,(anonymous_23)
FNDA:0,(anonymous_25)
FNDA:0,(anonymous_27)
FNDA:0,(anonymous_29)
FNDA:0,(anonymous_30)
FNDA:0,(anonymous_31)
FNDA:0,(anonymous_33)
FNDA:0,(anonymous_35)
FNDA:0,(anonymous_36)
FNDA:0,(anonymous_38)
FNDA:0,(anonymous_40)
FNDA:0,(anonymous_42)
FNDA:0,(anonymous_43)
DA:1,1
DA:2,1
DA:21,1
DA:24,0
DA:29,0
DA:30,0
DA:31,0
DA:32,0
DA:35,0
DA:36,0
DA:37,0
DA:41,0
DA:42,0
DA:43,0
DA:47,0
DA:48,0
DA:49,0
DA:51,0
DA:55,0
DA:56,0
DA:60,0
DA:62,0
DA:64,0
DA:65,0
DA:67,0
DA:68,0
DA:73,0
DA:74,0
DA:81,0
DA:82,0
DA:85,0
DA:86,0
DA:92,0
DA:93,0
DA:95,0
DA:96,0
DA:102,0
DA:103,0
DA:108,0
DA:110,0
DA:111,0
DA:114,0
DA:115,0
DA:117,0
DA:118,0
DA:124,0
DA:126,0
DA:127,0
DA:128,0
DA:131,0
DA:132,0
DA:134,0
DA:141,0
DA:143,0
DA:144,0
DA:147,0
DA:148,0
DA:150,0
DA:151,0
DA:157,0
DA:158,0
DA:164,0
DA:166,0
DA:167,0
DA:170,0
DA:171,0
DA:173,0
DA:174,0
DA:180,0
DA:181,0
DA:186,0
DA:188,0
DA:189,0
DA:191,0
DA:192,0
DA:198,0
DA:199,0
DA:205,0
DA:207,0
DA:208,0
DA:210,0
DA:211,0
DA:216,0
DA:217,0
DA:224,0
DA:225,0
DA:227,0
DA:228,0
DA:230,0
DA:231,0
DA:236,0
DA:238,0
DA:239,0
DA:240,0
DA:243,0
DA:244,0
DA:246,0
DA:253,0
DA:255,0
DA:256,0
DA:259,0
DA:260,0
DA:262,0
DA:263,0
DA:268,0
DA:269,0
DA:275,0
DA:277,0
DA:278,0
DA:281,0
DA:282,0
DA:284,0
DA:285,0
DA:291,0
DA:293,0
DA:298,0
DA:301,0
DA:304,0
DA:305,0
DA:307,0
DA:308,0
DA:314,0
DA:318,0
DA:319,0
DA:324,0
DA:326,0
DA:328,0
DA:337,0
DA:338,0
DA:340,0
DA:341,0
DA:346,0
DA:348,0
DA:350,0
DA:352,0
DA:355,0
DA:356,0
DA:359,0
DA:364,0
DA:368,0
DA:370,0
DA:377,0
DA:378,0
DA:381,0
DA:382,0
DA:388,0
DA:391,0
DA:396,0
DA:400,0
DA:401,0
DA:402,0
DA:408,0
DA:414,0
DA:416,0
DA:419,0
DA:422,0
DA:423,0
DA:426,0
DA:429,0
DA:430,0
DA:436,0
DA:438,0
DA:443,0
DA:445,0
DA:446,0
DA:450,0
DA:455,0
DA:458,0
DA:463,0
DA:464,0
DA:466,0
DA:467,0
DA:472,0
DA:473,0
DA:475,0
DA:476,0
DA:479,0
DA:482,0
DA:484,0
DA:485,0
DA:486,0
DA:488,0
DA:494,0
DA:498,0
DA:500,0
DA:505,0
DA:507,0
DA:509,0
DA:510,0
DA:511,0
DA:513,0
DA:514,0
DA:515,0
DA:518,0
DA:519,0
DA:520,0
DA:523,0
DA:524,0
DA:530,0
DA:534,0
DA:540,0
DA:548,0
DA:550,0
DA:551,0
DA:553,0
DA:554,0
DA:556,0
DA:559,0
DA:560,0
LF:209
LH:3
BRDA:24,0,0,0
BRDA:35,1,0,0
BRDA:41,2,0,0
BRDA:47,3,0,0
BRDA:55,4,0,0
BRDA:85,5,0,0
BRDA:85,6,0,0
BRDA:85,6,1,0
BRDA:110,7,0,0
BRDA:127,8,0,0
BRDA:143,9,0,0
BRDA:166,10,0,0
BRDA:239,11,0,0
BRDA:255,12,0,0
BRDA:277,13,0,0
BRDA:304,14,0,0
BRDA:304,15,0,0
BRDA:304,15,1,0
BRDA:368,16,0,0
BRDA:368,16,1,0
BRDA:400,17,0,0
BRDA:400,18,0,0
BRDA:400,18,1,0
BRDA:445,19,0,0
BRDA:460,20,0,0
BRDA:460,20,1,0
BRDA:482,21,0,0
BRDA:498,22,0,0
BRDA:498,23,0,0
BRDA:498,23,1,0
BRDA:507,24,0,0
BRDA:507,24,1,0
BRDA:513,25,0,0
BRDA:518,26,0,0
BRDA:523,27,0,0
BRDA:542,28,0,0
BRDA:542,28,1,0
BRDA:543,29,0,0
BRDA:543,29,1,0
BRF:39
BRH:0
end_of_record
TN:
SF:src\models\utilisateurModel.ts
FN:6,(anonymous_8)
FN:35,(anonymous_10)
FN:55,(anonymous_12)
FN:68,(anonymous_14)
FN:89,(anonymous_16)
FN:111,(anonymous_18)
FN:119,(anonymous_20)
FN:120,(anonymous_21)
FN:143,(anonymous_22)
FNF:9
FNH:0
FNDA:0,(anonymous_8)
FNDA:0,(anonymous_10)
FNDA:0,(anonymous_12)
FNDA:0,(anonymous_14)
FNDA:0,(anonymous_16)
FNDA:0,(anonymous_18)
FNDA:0,(anonymous_20)
FNDA:0,(anonymous_21)
FNDA:0,(anonymous_22)
DA:1,0
DA:2,0
DA:5,0
DA:16,0
DA:17,0
DA:23,0
DA:24,0
DA:26,0
DA:27,0
DA:29,0
DA:30,0
DA:36,0
DA:37,0
DA:42,0
DA:44,0
DA:45,0
DA:48,0
DA:50,0
DA:51,0
DA:56,0
DA:57,0
DA:58,0
DA:60,0
DA:61,0
DA:63,0
DA:64,0
DA:69,0
DA:70,0
DA:75,0
DA:77,0
DA:78,0
DA:81,0
DA:82,0
DA:84,0
DA:85,0
DA:90,0
DA:91,0
DA:97,0
DA:99,0
DA:100,0
DA:103,0
DA:104,0
DA:106,0
DA:107,0
DA:112,0
DA:114,0
DA:115,0
DA:116,0
DA:119,0
DA:120,0
DA:122,0
DA:129,0
DA:131,0
DA:132,0
DA:135,0
DA:136,0
DA:138,0
DA:139,0
DA:144,0
DA:145,0
DA:151,0
DA:153,0
DA:154,0
DA:157,0
DA:158,0
DA:160,0
DA:161,0
LF:67
LH:0
BRDA:44,0,0,0
BRDA:77,1,0,0
BRDA:99,2,0,0
BRDA:115,3,0,0
BRDA:131,4,0,0
BRDA:153,5,0,0
BRF:6
BRH:0
end_of_record
TN:
SF:src\routes\interetRoutes.ts
FNF:0
FNH:0
DA:1,0
DA:2,0
DA:4,0
DA:6,0
DA:7,0
DA:8,0
DA:9,0
DA:11,0
LF:8
LH:0
BRF:0
BRH:0
end_of_record
TN:
SF:src\routes\reservationRoutes.ts
FNF:0
FNH:0
DA:2,0
DA:3,0
DA:5,0
DA:8,0
DA:11,0
DA:14,0
DA:15,0
DA:16,0
DA:17,0
DA:20,0
DA:23,0
DA:25,0
LF:12
LH:0
BRF:0
BRH:0
end_of_record
TN:
SF:src\routes\restaurantRoutes.ts
FNF:0
FNH:0
DA:2,0
DA:3,0
DA:4,0
DA:6,0
DA:9,0
DA:13,0
DA:16,0
DA:19,0
DA:20,0
DA:21,0
DA:22,0
DA:25,0
DA:26,0
DA:27,0
DA:28,0
DA:31,0
DA:32,0
DA:35,0
DA:36,0
DA:38,0
LF:20
LH:0
BRF:0
BRH:0
end_of_record
TN:
SF:src\routes\test.ts
FN:5,(anonymous_0)
FNF:1
FNH:0
FNDA:0,(anonymous_0)
DA:1,0
DA:3,0
DA:5,0
DA:6,0
DA:11,0
LF:5
LH:0
BRF:0
BRH:0
end_of_record
TN:
SF:src\routes\utilisateurRoutes.ts
FNF:0
FNH:0
DA:1,0
DA:2,0
DA:4,0
DA:7,0
DA:10,0
DA:13,0
DA:14,0
DA:15,0
DA:16,0
DA:17,0
DA:19,0
LF:11
LH:0
BRF:0
BRH:0
end_of_record
TN:
SF:src\utils\logger.ts
FN:19,(anonymous_0)
FN:22,(anonymous_1)
FN:25,(anonymous_2)
FN:28,(anonymous_3)
FN:31,(anonymous_4)
FN:34,(anonymous_5)
FNF:6
FNH:0
FNDA:0,(anonymous_0)
FNDA:0,(anonymous_1)
FNDA:0,(anonymous_2)
FNDA:0,(anonymous_3)
FNDA:0,(anonymous_4)
FNDA:0,(anonymous_5)
DA:4,1
DA:7,1
DA:17,1
DA:19,0
DA:22,0
DA:25,0
DA:28,0
DA:31,0
DA:34,0
LF:9
LH:3
BRF:0
BRH:0
end_of_record
TN:
SF:src\utils\mailService.ts
FN:18,sendReservationConfirmation
FN:66,sendReservationCancellation
FNF:2
FNH:0
FNDA:0,sendReservationConfirmation
FNDA:0,sendReservationCancellation
DA:3,1
DA:4,1
DA:6,1
DA:18,1
DA:22,0
DA:24,0
DA:53,0
DA:54,0
DA:55,0
DA:57,0
DA:58,0
DA:59,0
DA:66,1
DA:70,0
DA:91,0
DA:92,0
DA:93,0
DA:95,0
DA:96,0
DA:97,0
LF:20
LH:5
BRDA:34,0,0,0
BRDA:34,0,1,0
BRDA:45,1,0,0
BRDA:45,1,1,0
BRF:4
BRH:0
end_of_record
