TN:
SF:src\config\database.ts
FN:11,buildConnectionString
FN:41,(anonymous_9)
FN:45,(anonymous_10)
FN:51,testConnection
FN:78,(anonymous_13)
FN:80,(anonymous_14)
FN:104,(anonymous_15)
FN:104,(anonymous_16)
FN:125,(anonymous_17)
FN:125,(anonymous_18)
FN:131,(anonymous_19)
FN:134,(anonymous_20)
FN:164,(anonymous_21)
FN:177,(anonymous_22)
FN:179,(anonymous_23)
FN:199,(anonymous_24)
FN:199,(anonymous_25)
FN:208,(anonymous_26)
FN:208,(anonymous_27)
FN:215,(anonymous_28)
FNF:20
FNH:1
FNDA:0,buildConnectionString
FNDA:0,(anonymous_9)
FNDA:0,(anonymous_10)
FNDA:1,testConnection
FNDA:0,(anonymous_13)
FNDA:0,(anonymous_14)
FNDA:0,(anonymous_15)
FNDA:0,(anonymous_16)
FNDA:0,(anonymous_17)
FNDA:0,(anonymous_18)
FNDA:0,(anonymous_19)
FNDA:0,(anonymous_20)
FNDA:0,(anonymous_21)
FNDA:0,(anonymous_22)
FNDA:0,(anonymous_23)
FNDA:0,(anonymous_24)
FNDA:0,(anonymous_25)
FNDA:0,(anonymous_26)
FNDA:0,(anonymous_27)
FNDA:0,(anonymous_28)
DA:1,1
DA:2,1
DA:3,1
DA:6,1
DA:9,1
DA:12,0
DA:13,0
DA:14,0
DA:15,0
DA:16,0
DA:18,0
DA:19,0
DA:22,0
DA:26,1
DA:31,1
DA:41,1
DA:42,0
DA:45,1
DA:46,0
DA:47,0
DA:52,1
DA:53,1
DA:54,1
DA:55,0
DA:56,0
DA:57,0
DA:58,0
DA:60,0
DA:61,0
DA:62,0
DA:63,0
DA:64,0
DA:65,0
DA:66,0
DA:68,0
DA:70,0
DA:75,1
DA:78,1
DA:79,0
DA:80,0
DA:81,0
DA:86,0
DA:87,0
DA:88,0
DA:90,0
DA:98,1
DA:104,0
DA:105,0
DA:106,0
DA:107,0
DA:108,0
DA:110,0
DA:112,0
DA:114,0
DA:115,0
DA:116,0
DA:117,0
DA:125,0
DA:126,0
DA:127,0
DA:128,0
DA:131,0
DA:134,0
DA:135,0
DA:139,0
DA:140,0
DA:141,0
DA:143,0
DA:144,0
DA:147,0
DA:148,0
DA:149,0
DA:150,0
DA:151,0
DA:153,0
DA:154,0
DA:155,0
DA:156,0
DA:161,0
DA:164,0
DA:165,0
DA:166,0
DA:167,0
DA:170,0
DA:179,0
DA:180,0
DA:182,0
DA:183,0
DA:184,0
DA:185,0
DA:186,0
DA:188,0
DA:189,0
DA:191,0
DA:199,0
DA:200,0
DA:201,0
DA:208,0
DA:209,0
DA:215,0
LF:100
LH:15
BRDA:9,0,0,1
BRDA:9,0,1,0
BRDA:12,1,0,0
BRDA:12,1,1,0
BRDA:14,2,0,0
BRDA:14,2,1,0
BRDA:15,3,0,0
BRDA:15,3,1,0
BRDA:16,4,0,0
BRDA:16,4,1,0
BRDA:18,5,0,0
BRDA:26,6,0,0
BRDA:26,6,1,1
BRDA:35,7,0,1
BRDA:35,7,1,1
BRDA:61,8,0,0
BRDA:61,8,1,0
BRDA:63,9,0,0
BRDA:63,9,1,0
BRDA:65,10,0,0
BRDA:65,11,0,0
BRDA:65,11,1,0
BRDA:70,12,0,0
BRDA:79,13,0,0
BRDA:79,14,0,0
BRDA:79,14,1,0
BRDA:80,15,0,0
BRDA:80,15,1,0
BRDA:80,16,0,0
BRDA:80,16,1,0
BRDA:81,17,0,0
BRDA:81,17,1,0
BRDA:81,18,0,0
BRDA:81,18,1,0
BRDA:86,19,0,0
BRDA:86,19,1,0
BRDA:87,20,0,0
BRDA:87,20,1,0
BRDA:87,21,0,0
BRDA:87,21,1,0
BRDA:139,22,0,0
BRDA:139,22,1,0
BRF:42
BRH:4
end_of_record
TN:
SF:src\models\reservationModel.ts
FN:6,(anonymous_8)
FN:7,(anonymous_9)
FN:50,(anonymous_10)
FN:61,(anonymous_11)
FN:88,(anonymous_13)
FN:116,(anonymous_15)
FN:131,(anonymous_16)
FN:141,(anonymous_17)
FN:165,(anonymous_19)
FN:179,(anonymous_20)
FN:193,(anonymous_21)
FN:215,(anonymous_23)
FN:228,(anonymous_25)
FN:229,(anonymous_26)
FN:253,(anonymous_27)
FN:276,(anonymous_29)
FN:374,(anonymous_31)
FN:374,(anonymous_32)
FN:404,(anonymous_33)
FN:410,(anonymous_34)
FN:417,(anonymous_35)
FN:429,(anonymous_36)
FN:443,(anonymous_37)
FN:444,(anonymous_38)
FNF:24
FNH:4
FNDA:2,(anonymous_8)
FNDA:2,(anonymous_9)
FNDA:4,(anonymous_10)
FNDA:3,(anonymous_11)
FNDA:0,(anonymous_13)
FNDA:0,(anonymous_15)
FNDA:0,(anonymous_16)
FNDA:0,(anonymous_17)
FNDA:0,(anonymous_19)
FNDA:0,(anonymous_20)
FNDA:0,(anonymous_21)
FNDA:0,(anonymous_23)
FNDA:0,(anonymous_25)
FNDA:0,(anonymous_26)
FNDA:0,(anonymous_27)
FNDA:0,(anonymous_29)
FNDA:0,(anonymous_31)
FNDA:0,(anonymous_32)
FNDA:0,(anonymous_33)
FNDA:0,(anonymous_34)
FNDA:0,(anonymous_35)
FNDA:0,(anonymous_36)
FNDA:0,(anonymous_37)
FNDA:0,(anonymous_38)
DA:1,1
DA:2,1
DA:4,1
DA:7,2
DA:18,2
DA:20,2
DA:23,2
DA:33,2
DA:39,2
DA:41,1
DA:42,1
DA:44,1
DA:45,1
DA:51,4
DA:53,4
DA:54,4
DA:55,4
DA:57,4
DA:62,3
DA:63,3
DA:67,3
DA:70,3
DA:71,1
DA:72,1
DA:75,3
DA:77,3
DA:79,2
DA:80,2
DA:82,1
DA:83,1
DA:89,0
DA:92,0
DA:95,0
DA:96,0
DA:99,0
DA:108,0
DA:110,0
DA:111,0
DA:115,0
DA:118,0
DA:120,0
DA:121,0
DA:125,0
DA:131,0
DA:133,0
DA:135,0
DA:136,0
DA:147,0
DA:149,0
DA:154,0
DA:156,0
DA:157,0
DA:161,0
DA:164,0
DA:167,0
DA:170,0
DA:173,0
DA:176,0
DA:180,0
DA:181,0
DA:182,0
DA:185,0
DA:187,0
DA:188,0
DA:194,0
DA:195,0
DA:200,0
DA:202,0
DA:203,0
DA:206,0
DA:207,0
DA:209,0
DA:210,0
DA:216,0
DA:218,0
DA:219,0
DA:223,0
DA:224,0
DA:225,0
DA:228,0
DA:229,0
DA:231,0
DA:238,0
DA:240,0
DA:241,0
DA:244,0
DA:245,0
DA:247,0
DA:248,0
DA:254,0
DA:255,0
DA:261,0
DA:263,0
DA:264,0
DA:267,0
DA:268,0
DA:270,0
DA:271,0
DA:281,0
DA:283,0
DA:285,0
DA:290,0
DA:292,0
DA:293,0
DA:294,0
DA:298,0
DA:303,0
DA:305,0
DA:306,0
DA:307,0
DA:311,0
DA:316,0
DA:318,0
DA:319,0
DA:320,0
DA:324,0
DA:331,0
DA:334,0
DA:335,0
DA:336,0
DA:339,0
DA:340,0
DA:341,0
DA:344,0
DA:345,0
DA:348,0
DA:349,0
DA:352,0
DA:360,0
DA:361,0
DA:366,0
DA:368,0
DA:369,0
DA:374,0
DA:375,0
DA:377,0
DA:389,0
DA:391,0
DA:392,0
DA:395,0
DA:396,0
DA:398,0
DA:399,0
DA:405,0
DA:406,0
DA:411,0
DA:412,0
DA:413,0
DA:425,0
DA:426,0
DA:429,0
DA:431,0
DA:434,0
DA:435,0
DA:438,0
DA:439,0
DA:443,0
DA:444,0
DA:446,0
DA:449,0
DA:452,0
DA:457,0
DA:464,0
DA:468,0
LF:164
LH:30
BRDA:15,0,0,1
BRDA:16,1,0,1
BRDA:70,2,0,1
BRDA:110,3,0,0
BRDA:118,4,0,0
BRDA:126,5,0,0
BRDA:126,5,1,0
BRDA:126,5,2,0
BRDA:126,5,3,0
BRDA:126,5,4,0
BRDA:126,5,5,0
BRDA:156,6,0,0
BRDA:167,7,0,0
BRDA:170,8,0,0
BRDA:173,9,0,0
BRDA:173,9,1,0
BRDA:180,10,0,0
BRDA:180,10,1,0
BRDA:181,11,0,0
BRDA:181,11,1,0
BRDA:202,12,0,0
BRDA:218,13,0,0
BRDA:224,14,0,0
BRDA:240,15,0,0
BRDA:263,16,0,0
BRDA:292,17,0,0
BRDA:292,18,0,0
BRDA:292,18,1,0
BRDA:305,19,0,0
BRDA:318,20,0,0
BRDA:356,21,0,0
BRDA:356,21,1,0
BRDA:360,22,0,0
BRDA:374,23,0,0
BRDA:391,24,0,0
BRDA:431,25,0,0
BRDA:434,26,0,0
BRDA:434,26,1,0
BRDA:438,27,0,0
BRDA:446,28,0,0
BRDA:452,29,0,0
BRDA:452,29,1,0
BRDA:458,30,0,0
BRDA:458,30,1,0
BRDA:458,30,2,0
BRDA:458,30,3,0
BRDA:458,30,4,0
BRDA:458,30,5,0
BRF:48
BRH:3
end_of_record
TN:
SF:src\utils\logger.ts
FN:16,(anonymous_1)
FN:19,(anonymous_2)
FN:22,(anonymous_3)
FN:25,(anonymous_4)
FN:28,(anonymous_5)
FN:31,(anonymous_6)
FNF:6
FNH:0
FNDA:0,(anonymous_1)
FNDA:0,(anonymous_2)
FNDA:0,(anonymous_3)
FNDA:0,(anonymous_4)
FNDA:0,(anonymous_5)
FNDA:0,(anonymous_6)
DA:1,1
DA:4,1
DA:14,1
DA:16,0
DA:19,0
DA:22,0
DA:25,0
DA:28,0
DA:31,0
LF:9
LH:3
BRF:0
BRH:0
end_of_record
